[2m2021-03-31 15:39:51.466[0;39m [  ] [32m INFO[0;39m [35m156871[0;39m [2m---[0;39m [2m[  restartedMain][0;39m [36mcom.revature.H2DemoApplication          [0;39m [2m:[0;39m No active profile set, falling back to default profiles: default
[2m2021-03-31 15:40:26.339[0;39m [  ] [32m INFO[0;39m [35m156871[0;39m [2m---[0;39m [2m[  restartedMain][0;39m [36mcom.revature.H2DemoApplication          [0;39m [2m:[0;39m Started H2DemoApplication in 48.241 seconds (JVM running for 51.701)
[2m2021-03-31 15:46:01.853[0;39m [  ] [32m INFO[0;39m [35m158830[0;39m [2m---[0;39m [2m[  restartedMain][0;39m [36mcom.revature.H2DemoApplication          [0;39m [2m:[0;39m No active profile set, falling back to default profiles: default
[2m2021-03-31 15:46:36.789[0;39m [  ] [32m INFO[0;39m [35m158830[0;39m [2m---[0;39m [2m[  restartedMain][0;39m [36mcom.revature.H2DemoApplication          [0;39m [2m:[0;39m Started H2DemoApplication in 46.775 seconds (JVM running for 50.25)
[2m2021-04-06 07:18:57.958[0;39m [  ] [32m INFO[0;39m [35m16492[0;39m [2m---[0;39m [2m[  restartedMain][0;39m [36mcom.revature.H2DemoApplication          [0;39m [2m:[0;39m No active profile set, falling back to default profiles: default
[2m2021-04-06 07:21:31.044[0;39m [  ] [32m INFO[0;39m [35m4620[0;39m [2m---[0;39m [2m[  restartedMain][0;39m [36mcom.revature.H2DemoApplication          [0;39m [2m:[0;39m No active profile set, falling back to default profiles: default
[2m2021-04-06 07:29:37.985[0;39m [  ] [32m INFO[0;39m [35m3428[0;39m [2m---[0;39m [2m[  restartedMain][0;39m [36mcom.revature.H2DemoApplication          [0;39m [2m:[0;39m No active profile set, falling back to default profiles: default
[2m2021-04-06 07:29:49.777[0;39m [  ] [32m INFO[0;39m [35m3428[0;39m [2m---[0;39m [2m[  restartedMain][0;39m [36mcom.revature.H2DemoApplication          [0;39m [2m:[0;39m Started H2DemoApplication in 19.769 seconds (JVM running for 20.418)
[2m2021-04-06 11:44:57.845[0;39m [  ] [32m INFO[0;39m [35m588797[0;39m [2m---[0;39m [2m[  restartedMain][0;39m [36mcom.revature.H2DemoApplication          [0;39m [2m:[0;39m No active profile set, falling back to default profiles: default
[2m2021-04-06 11:46:17.384[0;39m [  ] [32m INFO[0;39m [35m589552[0;39m [2m---[0;39m [2m[  restartedMain][0;39m [36mcom.revature.H2DemoApplication          [0;39m [2m:[0;39m No active profile set, falling back to default profiles: default
<<<<<<< HEAD
[2m2021-04-06 12:01:31.745[0;39m [  ] [32m INFO[0;39m [35m13060[0;39m [2m---[0;39m [2m[  restartedMain][0;39m [36mcom.revature.H2DemoApplication          [0;39m [2m:[0;39m No active profile set, falling back to default profiles: default
[2m2021-04-06 12:08:22.255[0;39m [  ] [32m INFO[0;39m [35m18332[0;39m [2m---[0;39m [2m[  restartedMain][0;39m [36mcom.revature.H2DemoApplication          [0;39m [2m:[0;39m No active profile set, falling back to default profiles: default
[2m2021-04-06 12:09:25.514[0;39m [  ] [32m INFO[0;39m [35m17608[0;39m [2m---[0;39m [2m[  restartedMain][0;39m [36mcom.revature.H2DemoApplication          [0;39m [2m:[0;39m No active profile set, falling back to default profiles: default
[2m2021-04-06 12:11:10.298[0;39m [  ] [32m INFO[0;39m [35m16108[0;39m [2m---[0;39m [2m[  restartedMain][0;39m [36mcom.revature.H2DemoApplication          [0;39m [2m:[0;39m No active profile set, falling back to default profiles: default
[2m2021-04-06 12:12:21.826[0;39m [  ] [32m INFO[0;39m [35m1920[0;39m [2m---[0;39m [2m[  restartedMain][0;39m [36mcom.revature.H2DemoApplication          [0;39m [2m:[0;39m No active profile set, falling back to default profiles: default
[2m2021-04-06 12:13:20.553[0;39m [  ] [32m INFO[0;39m [35m17188[0;39m [2m---[0;39m [2m[  restartedMain][0;39m [36mcom.revature.H2DemoApplication          [0;39m [2m:[0;39m No active profile set, falling back to default profiles: default
[2m2021-04-06 12:13:32.564[0;39m [  ] [32m INFO[0;39m [35m17188[0;39m [2m---[0;39m [2m[  restartedMain][0;39m [36mcom.revature.H2DemoApplication          [0;39m [2m:[0;39m Started H2DemoApplication in 20.093 seconds (JVM running for 20.79)
[2m2021-04-06 12:32:48.332[0;39m [  ] [32m INFO[0;39m [35m17188[0;39m [2m---[0;39m [2m[  restartedMain][0;39m [36mcom.revature.H2DemoApplication          [0;39m [2m:[0;39m No active profile set, falling back to default profiles: default
[2m2021-04-06 12:32:56.491[0;39m [  ] [32m INFO[0;39m [35m17188[0;39m [2m---[0;39m [2m[  restartedMain][0;39m [36mcom.revature.H2DemoApplication          [0;39m [2m:[0;39m Started H2DemoApplication in 15.422 seconds (JVM running for 1184.716)
[2m2021-04-06 12:37:59.153[0;39m [  ] [32m INFO[0;39m [35m17188[0;39m [2m---[0;39m [2m[  restartedMain][0;39m [36mcom.revature.H2DemoApplication          [0;39m [2m:[0;39m No active profile set, falling back to default profiles: default
[2m2021-04-07 09:23:35.427[0;39m [  ] [32m INFO[0;39m [35m1972[0;39m [2m---[0;39m [2m[  restartedMain][0;39m [36mcom.revature.H2DemoApplication          [0;39m [2m:[0;39m No active profile set, falling back to default profiles: default
=======
<<<<<<< HEAD
[2m2021-04-06 12:35:59.560[0;39m [  ] [32m INFO[0;39m [35m597688[0;39m [2m---[0;39m [2m[  restartedMain][0;39m [36mcom.revature.H2DemoApplication          [0;39m [2m:[0;39m No active profile set, falling back to default profiles: default
[2m2021-04-06 12:37:19.823[0;39m [  ] [32m INFO[0;39m [35m598462[0;39m [2m---[0;39m [2m[  restartedMain][0;39m [36mcom.revature.H2DemoApplication          [0;39m [2m:[0;39m No active profile set, falling back to default profiles: default
[2m2021-04-06 12:39:24.358[0;39m [  ] [32m INFO[0;39m [35m599605[0;39m [2m---[0;39m [2m[  restartedMain][0;39m [36mcom.revature.H2DemoApplication          [0;39m [2m:[0;39m No active profile set, falling back to default profiles: default
[2m2021-04-06 12:40:34.021[0;39m [  ] [32m INFO[0;39m [35m600382[0;39m [2m---[0;39m [2m[  restartedMain][0;39m [36mcom.revature.H2DemoApplication          [0;39m [2m:[0;39m No active profile set, falling back to default profiles: default
=======
[2m2021-04-06 15:36:33.801[0;39m [  ] [32m INFO[0;39m [35m11508[0;39m [2m---[0;39m [2m[  restartedMain][0;39m [36mcom.revature.H2DemoApplication          [0;39m [2m:[0;39m No active profile set, falling back to default profiles: default
[2m2021-04-06 15:42:45.868[0;39m [  ] [32m INFO[0;39m [35m9288[0;39m [2m---[0;39m [2m[  restartedMain][0;39m [36mcom.revature.H2DemoApplication          [0;39m [2m:[0;39m No active profile set, falling back to default profiles: default
[2m2021-04-06 15:42:58.820[0;39m [  ] [32m INFO[0;39m [35m9288[0;39m [2m---[0;39m [2m[  restartedMain][0;39m [36mcom.revature.H2DemoApplication          [0;39m [2m:[0;39m Started H2DemoApplication in 20.002 seconds (JVM running for 21.18)
>>>>>>> d669543173f26fd61b8e72e155d4be907af79698
>>>>>>> 9c441c70b545910f3130f5d05d00e2a9ab3f478a
[2m2021-04-11 12:06:27.064[0;39m [  ] [32m INFO[0;39m [35m2584[0;39m [2m---[0;39m [2m[  restartedMain][0;39m [36mcom.revature.H2DemoApplication          [0;39m [2m:[0;39m No active profile set, falling back to default profiles: default
[2m2021-04-11 12:06:36.527[0;39m [  ] [32m INFO[0;39m [35m2584[0;39m [2m---[0;39m [2m[  restartedMain][0;39m [36mcom.revature.H2DemoApplication          [0;39m [2m:[0;39m Started H2DemoApplication in 15.876 seconds (JVM running for 16.824)
[2m2021-04-11 13:24:25.323[0;39m [  ] [32m INFO[0;39m [35m5560[0;39m [2m---[0;39m [2m[  restartedMain][0;39m [36mcom.revature.H2DemoApplication          [0;39m [2m:[0;39m No active profile set, falling back to default profiles: default
[2m2021-04-11 13:24:33.851[0;39m [  ] [32m INFO[0;39m [35m5560[0;39m [2m---[0;39m [2m[  restartedMain][0;39m [36mcom.revature.H2DemoApplication          [0;39m [2m:[0;39m Started H2DemoApplication in 14.434 seconds (JVM running for 15.127)
[2m2021-04-11 13:26:52.123[0;39m [ POST event=user/all endpoint, Event ID: 4232 ] [32m INFO[0;39m [35m5560[0;39m [2m---[0;39m [2m[nio-9999-exec-4][0;39m [36mcom.revature.controller.UserController  [0;39m [2m:[0;39m endpoint accessed
[2m2021-04-11 13:26:54.138[0;39m [ event=select ] [32m INFO[0;39m [35m5560[0;39m [2m---[0;39m [2m[nio-9999-exec-4][0;39m [36mcom.revature.service.UserService        [0;39m [2m:[0;39m Finding all users
[2m2021-04-11 13:26:57.809[0;39m [ POST event=user/all endpoint, Event ID: 9198 ] [32m INFO[0;39m [35m5560[0;39m [2m---[0;39m [2m[nio-9999-exec-3][0;39m [36mcom.revature.controller.UserController  [0;39m [2m:[0;39m endpoint accessed
[2m2021-04-11 13:26:59.823[0;39m [ event=select ] [32m INFO[0;39m [35m5560[0;39m [2m---[0;39m [2m[nio-9999-exec-3][0;39m [36mcom.revature.service.UserService        [0;39m [2m:[0;39m Finding all users
[2m2021-04-11 13:30:20.336[0;39m [  ] [32m INFO[0;39m [35m5560[0;39m [2m---[0;39m [2m[  restartedMain][0;39m [36mcom.revature.H2DemoApplication          [0;39m [2m:[0;39m No active profile set, falling back to default profiles: default
[2m2021-04-11 13:30:25.181[0;39m [  ] [32m INFO[0;39m [35m5560[0;39m [2m---[0;39m [2m[  restartedMain][0;39m [36mcom.revature.H2DemoApplication          [0;39m [2m:[0;39m Started H2DemoApplication in 10.045 seconds (JVM running for 366.456)
[2m2021-04-11 13:31:36.164[0;39m [  ] [32m INFO[0;39m [35m5560[0;39m [2m---[0;39m [2m[  restartedMain][0;39m [36mcom.revature.H2DemoApplication          [0;39m [2m:[0;39m No active profile set, falling back to default profiles: default
[2m2021-04-11 13:31:40.979[0;39m [  ] [32m INFO[0;39m [35m5560[0;39m [2m---[0;39m [2m[  restartedMain][0;39m [36mcom.revature.H2DemoApplication          [0;39m [2m:[0;39m Started H2DemoApplication in 10.039 seconds (JVM running for 442.255)
[2m2021-04-11 13:32:16.840[0;39m [ POST event=account/new endpoint, Event ID: 127 ] [32m INFO[0;39m [35m5560[0;39m [2m---[0;39m [2m[nio-9999-exec-2][0;39m [36mcom.revature.controller.UserController  [0;39m [2m:[0;39m endpoint accessed
[2m2021-04-11 13:32:18.853[0;39m [ event=create ] [32m INFO[0;39m [35m5560[0;39m [2m---[0;39m [2m[nio-9999-exec-2][0;39m [36mcom.revature.service.AccountService     [0;39m [2m:[0;39m Creating account
[2m2021-04-11 13:33:43.901[0;39m [ POST event=account/new endpoint, Event ID: 6726 ] [32m INFO[0;39m [35m5560[0;39m [2m---[0;39m [2m[nio-9999-exec-4][0;39m [36mcom.revature.controller.UserController  [0;39m [2m:[0;39m endpoint accessed
[2m2021-04-11 13:33:45.916[0;39m [ event=create ] [32m INFO[0;39m [35m5560[0;39m [2m---[0;39m [2m[nio-9999-exec-4][0;39m [36mcom.revature.service.AccountService     [0;39m [2m:[0;39m Creating account
[2m2021-04-11 13:34:31.349[0;39m [ POST event=account/new endpoint, Event ID: 9255 ] [32m INFO[0;39m [35m5560[0;39m [2m---[0;39m [2m[nio-9999-exec-5][0;39m [36mcom.revature.controller.UserController  [0;39m [2m:[0;39m endpoint accessed
[2m2021-04-11 13:34:33.361[0;39m [ event=create ] [32m INFO[0;39m [35m5560[0;39m [2m---[0;39m [2m[nio-9999-exec-5][0;39m [36mcom.revature.service.AccountService     [0;39m [2m:[0;39m Creating account
[2m2021-04-11 13:35:39.151[0;39m [ POST event=account/new endpoint, Event ID: 4594 ] [32m INFO[0;39m [35m5560[0;39m [2m---[0;39m [2m[nio-9999-exec-8][0;39m [36mcom.revature.controller.UserController  [0;39m [2m:[0;39m endpoint accessed
[2m2021-04-11 13:35:41.163[0;39m [ event=create ] [32m INFO[0;39m [35m5560[0;39m [2m---[0;39m [2m[nio-9999-exec-8][0;39m [36mcom.revature.service.AccountService     [0;39m [2m:[0;39m Creating account
[2m2021-04-11 13:37:18.603[0;39m [ POST event=account/new endpoint, Event ID: 7519 ] [32m INFO[0;39m [35m5560[0;39m [2m---[0;39m [2m[io-9999-exec-10][0;39m [36mcom.revature.controller.UserController  [0;39m [2m:[0;39m endpoint accessed
[2m2021-04-11 13:37:20.616[0;39m [ event=create ] [32m INFO[0;39m [35m5560[0;39m [2m---[0;39m [2m[io-9999-exec-10][0;39m [36mcom.revature.service.AccountService     [0;39m [2m:[0;39m Creating account
[2m2021-04-11 13:37:41.214[0;39m [ POST event=account/new endpoint, Event ID: 694 ] [32m INFO[0;39m [35m5560[0;39m [2m---[0;39m [2m[nio-9999-exec-2][0;39m [36mcom.revature.controller.UserController  [0;39m [2m:[0;39m endpoint accessed
[2m2021-04-11 13:37:43.228[0;39m [ event=create ] [32m INFO[0;39m [35m5560[0;39m [2m---[0;39m [2m[nio-9999-exec-2][0;39m [36mcom.revature.service.AccountService     [0;39m [2m:[0;39m Creating account
[2m2021-04-11 13:47:17.541[0;39m [ POST event=account/new endpoint, Event ID: 6394 ] [32m INFO[0;39m [35m5560[0;39m [2m---[0;39m [2m[nio-9999-exec-3][0;39m [36mcom.revature.controller.UserController  [0;39m [2m:[0;39m endpoint accessed
[2m2021-04-11 13:47:19.552[0;39m [ event=create ] [32m INFO[0;39m [35m5560[0;39m [2m---[0;39m [2m[nio-9999-exec-3][0;39m [36mcom.revature.service.AccountService     [0;39m [2m:[0;39m Creating account
[2m2021-04-11 13:47:25.860[0;39m [ POST event=account/new endpoint, Event ID: 4373 ] [32m INFO[0;39m [35m5560[0;39m [2m---[0;39m [2m[nio-9999-exec-5][0;39m [36mcom.revature.controller.UserController  [0;39m [2m:[0;39m endpoint accessed
[2m2021-04-11 13:47:25.860[0;39m [ event=create ] [32m INFO[0;39m [35m5560[0;39m [2m---[0;39m [2m[nio-9999-exec-5][0;39m [36mcom.revature.service.AccountService     [0;39m [2m:[0;39m Creating account
[2m2021-04-11 13:47:28.026[0;39m [ POST event=account/new endpoint, Event ID: 4382 ] [32m INFO[0;39m [35m5560[0;39m [2m---[0;39m [2m[nio-9999-exec-8][0;39m [36mcom.revature.controller.UserController  [0;39m [2m:[0;39m endpoint accessed
[2m2021-04-11 13:47:28.026[0;39m [ event=create ] [32m INFO[0;39m [35m5560[0;39m [2m---[0;39m [2m[nio-9999-exec-8][0;39m [36mcom.revature.service.AccountService     [0;39m [2m:[0;39m Creating account
[2m2021-04-11 14:00:46.778[0;39m [  ] [32m INFO[0;39m [35m652[0;39m [2m---[0;39m [2m[  restartedMain][0;39m [36mcom.revature.H2DemoApplication          [0;39m [2m:[0;39m No active profile set, falling back to default profiles: default
[2m2021-04-11 14:00:55.166[0;39m [  ] [32m INFO[0;39m [35m652[0;39m [2m---[0;39m [2m[  restartedMain][0;39m [36mcom.revature.H2DemoApplication          [0;39m [2m:[0;39m Started H2DemoApplication in 14.309 seconds (JVM running for 14.949)
[2m2021-04-11 14:01:34.575[0;39m [  ] [32m INFO[0;39m [35m2292[0;39m [2m---[0;39m [2m[  restartedMain][0;39m [36mcom.revature.H2DemoApplication          [0;39m [2m:[0;39m No active profile set, falling back to default profiles: default
[2m2021-04-11 14:01:43.125[0;39m [  ] [32m INFO[0;39m [35m2292[0;39m [2m---[0;39m [2m[  restartedMain][0;39m [36mcom.revature.H2DemoApplication          [0;39m [2m:[0;39m Started H2DemoApplication in 14.449 seconds (JVM running for 15.091)
[2m2021-04-11 14:09:06.518[0;39m [ POST event=account/new endpoint, Event ID: 7530 ] [32m INFO[0;39m [35m2292[0;39m [2m---[0;39m [2m[nio-9999-exec-4][0;39m [36mcom.revature.controller.UserController  [0;39m [2m:[0;39m endpoint accessed
[2m2021-04-11 14:09:08.532[0;39m [ event=create ] [32m INFO[0;39m [35m2292[0;39m [2m---[0;39m [2m[nio-9999-exec-4][0;39m [36mcom.revature.service.AccountService     [0;39m [2m:[0;39m Creating account
[2m2021-04-11 14:10:23.983[0;39m [  ] [32m INFO[0;39m [35m2292[0;39m [2m---[0;39m [2m[  restartedMain][0;39m [36mcom.revature.H2DemoApplication          [0;39m [2m:[0;39m No active profile set, falling back to default profiles: default
[2m2021-04-11 14:10:28.964[0;39m [  ] [32m INFO[0;39m [35m2292[0;39m [2m---[0;39m [2m[  restartedMain][0;39m [36mcom.revature.H2DemoApplication          [0;39m [2m:[0;39m Started H2DemoApplication in 10.19 seconds (JVM running for 540.93)
[2m2021-04-11 14:10:36.702[0;39m [ POST event=account/new endpoint, Event ID: 9881 ] [32m INFO[0;39m [35m2292[0;39m [2m---[0;39m [2m[nio-9999-exec-1][0;39m [36mcom.revature.controller.UserController  [0;39m [2m:[0;39m endpoint accessed
[2m2021-04-11 14:10:38.717[0;39m [ event=create ] [32m INFO[0;39m [35m2292[0;39m [2m---[0;39m [2m[nio-9999-exec-1][0;39m [36mcom.revature.service.AccountService     [0;39m [2m:[0;39m Creating account
[2m2021-04-11 14:11:22.796[0;39m [  ] [32m INFO[0;39m [35m2292[0;39m [2m---[0;39m [2m[  restartedMain][0;39m [36mcom.revature.H2DemoApplication          [0;39m [2m:[0;39m No active profile set, falling back to default profiles: default
[2m2021-04-11 14:11:27.591[0;39m [  ] [32m INFO[0;39m [35m2292[0;39m [2m---[0;39m [2m[  restartedMain][0;39m [36mcom.revature.H2DemoApplication          [0;39m [2m:[0;39m Started H2DemoApplication in 10.004 seconds (JVM running for 599.558)
[2m2021-04-11 14:12:33.521[0;39m [  ] [32m INFO[0;39m [35m2292[0;39m [2m---[0;39m [2m[  restartedMain][0;39m [36mcom.revature.H2DemoApplication          [0;39m [2m:[0;39m No active profile set, falling back to default profiles: default
[2m2021-04-11 14:12:45.460[0;39m [  ] [32m INFO[0;39m [35m2292[0;39m [2m---[0;39m [2m[  restartedMain][0;39m [36mcom.revature.H2DemoApplication          [0;39m [2m:[0;39m No active profile set, falling back to default profiles: default
[2m2021-04-11 14:12:50.341[0;39m [  ] [32m INFO[0;39m [35m2292[0;39m [2m---[0;39m [2m[  restartedMain][0;39m [36mcom.revature.H2DemoApplication          [0;39m [2m:[0;39m Started H2DemoApplication in 10.106 seconds (JVM running for 682.307)
[2m2021-04-11 14:12:53.812[0;39m [ POST event=account/new endpoint, Event ID: 1505 ] [32m INFO[0;39m [35m2292[0;39m [2m---[0;39m [2m[nio-9999-exec-2][0;39m [36mcom.revature.controller.UserController  [0;39m [2m:[0;39m endpoint accessed
[2m2021-04-11 14:12:55.825[0;39m [ event=create ] [32m INFO[0;39m [35m2292[0;39m [2m---[0;39m [2m[nio-9999-exec-2][0;39m [36mcom.revature.service.AccountService     [0;39m [2m:[0;39m Creating account
[2m2021-04-11 14:13:19.101[0;39m [  ] [32m INFO[0;39m [35m2292[0;39m [2m---[0;39m [2m[  restartedMain][0;39m [36mcom.revature.H2DemoApplication          [0;39m [2m:[0;39m No active profile set, falling back to default profiles: default
[2m2021-04-11 14:13:23.997[0;39m [  ] [32m INFO[0;39m [35m2292[0;39m [2m---[0;39m [2m[  restartedMain][0;39m [36mcom.revature.H2DemoApplication          [0;39m [2m:[0;39m Started H2DemoApplication in 10.106 seconds (JVM running for 715.964)
[2m2021-04-11 14:13:24.826[0;39m [ POST event=account/new endpoint, Event ID: 6864 ] [32m INFO[0;39m [35m2292[0;39m [2m---[0;39m [2m[nio-9999-exec-2][0;39m [36mcom.revature.controller.UserController  [0;39m [2m:[0;39m endpoint accessed
[2m2021-04-11 14:13:26.012[0;39m [ event=create ] [32m INFO[0;39m [35m2292[0;39m [2m---[0;39m [2m[nio-9999-exec-2][0;39m [36mcom.revature.service.AccountService     [0;39m [2m:[0;39m Creating account
[2m2021-04-11 14:14:51.751[0;39m [ POST event=acctype/type endpoint, Event ID: 131 ] [32m INFO[0;39m [35m2292[0;39m [2m---[0;39m [2m[nio-9999-exec-5][0;39m [36mcom.revature.controller.UserController  [0;39m [2m:[0;39m endpoint accessed
[2m2021-04-11 14:14:53.763[0;39m [ event=create ] [32m INFO[0;39m [35m2292[0;39m [2m---[0;39m [2m[nio-9999-exec-5][0;39m [36mcom.revature.service.AccountTypeService [0;39m [2m:[0;39m Creating AccountType
[2m2021-04-11 14:17:16.299[0;39m [  ] [32m INFO[0;39m [35m2292[0;39m [2m---[0;39m [2m[  restartedMain][0;39m [36mcom.revature.H2DemoApplication          [0;39m [2m:[0;39m No active profile set, falling back to default profiles: default
[2m2021-04-11 14:17:21.110[0;39m [  ] [32m INFO[0;39m [35m2292[0;39m [2m---[0;39m [2m[  restartedMain][0;39m [36mcom.revature.H2DemoApplication          [0;39m [2m:[0;39m Started H2DemoApplication in 10.029 seconds (JVM running for 953.076)
[2m2021-04-11 14:17:35.222[0;39m [ GET event=acctype/all endpoint, Event ID: 3525 ] [32m INFO[0;39m [35m2292[0;39m [2m---[0;39m [2m[nio-9999-exec-2][0;39m [36mcom.revature.controller.UserController  [0;39m [2m:[0;39m endpoint accessed
[2m2021-04-11 14:17:37.235[0;39m [ event=select ] [32m INFO[0;39m [35m2292[0;39m [2m---[0;39m [2m[nio-9999-exec-2][0;39m [36mcom.revature.service.AccountTypeService [0;39m [2m:[0;39m Finding all AcccountTypes
[2m2021-04-11 14:17:58.222[0;39m [ POST event=acctype/type endpoint, Event ID: 1860 ] [32m INFO[0;39m [35m2292[0;39m [2m---[0;39m [2m[nio-9999-exec-3][0;39m [36mcom.revature.controller.UserController  [0;39m [2m:[0;39m endpoint accessed
[2m2021-04-11 14:18:00.234[0;39m [ event=create ] [32m INFO[0;39m [35m2292[0;39m [2m---[0;39m [2m[nio-9999-exec-3][0;39m [36mcom.revature.service.AccountTypeService [0;39m [2m:[0;39m Creating AccountType
[2m2021-04-11 14:18:04.935[0;39m [ GET event=acctype/all endpoint, Event ID: 1252 ] [32m INFO[0;39m [35m2292[0;39m [2m---[0;39m [2m[nio-9999-exec-4][0;39m [36mcom.revature.controller.UserController  [0;39m [2m:[0;39m endpoint accessed
[2m2021-04-11 14:18:06.948[0;39m [ event=select ] [32m INFO[0;39m [35m2292[0;39m [2m---[0;39m [2m[nio-9999-exec-4][0;39m [36mcom.revature.service.AccountTypeService [0;39m [2m:[0;39m Finding all AcccountTypes
[2m2021-04-11 14:18:58.023[0;39m [ PUT event=acctype/type/u endpoint, Event ID: 2445 ] [32m INFO[0;39m [35m2292[0;39m [2m---[0;39m [2m[nio-9999-exec-5][0;39m [36mcom.revature.controller.UserController  [0;39m [2m:[0;39m endpoint accessed
[2m2021-04-11 14:19:00.035[0;39m [ event=select, PUT event=acctype/type/u endpoint, Event ID: 2445, AccountType id=7 ] [32m INFO[0;39m [35m2292[0;39m [2m---[0;39m [2m[nio-9999-exec-5][0;39m [36mcom.revature.service.AccountTypeService [0;39m [2m:[0;39m Finding AccountType by id
[2m2021-04-11 14:19:00.112[0;39m [ event=create ] [32m INFO[0;39m [35m2292[0;39m [2m---[0;39m [2m[nio-9999-exec-5][0;39m [36mcom.revature.service.AccountTypeService [0;39m [2m:[0;39m Creating AccountType
[2m2021-04-11 14:19:05.184[0;39m [ GET event=acctype/all endpoint, Event ID: 4799 ] [32m INFO[0;39m [35m2292[0;39m [2m---[0;39m [2m[nio-9999-exec-6][0;39m [36mcom.revature.controller.UserController  [0;39m [2m:[0;39m endpoint accessed
[2m2021-04-11 14:19:07.195[0;39m [ event=select ] [32m INFO[0;39m [35m2292[0;39m [2m---[0;39m [2m[nio-9999-exec-6][0;39m [36mcom.revature.service.AccountTypeService [0;39m [2m:[0;39m Finding all AcccountTypes
[2m2021-04-11 14:21:32.150[0;39m [ POST event=user/all endpoint, Event ID: 9860 ] [32m INFO[0;39m [35m2292[0;39m [2m---[0;39m [2m[nio-9999-exec-9][0;39m [36mcom.revature.controller.UserController  [0;39m [2m:[0;39m endpoint accessed
[2m2021-04-11 14:21:34.163[0;39m [ event=select ] [32m INFO[0;39m [35m2292[0;39m [2m---[0;39m [2m[nio-9999-exec-9][0;39m [36mcom.revature.service.UserService        [0;39m [2m:[0;39m Finding all users
[2m2021-04-11 14:23:00.941[0;39m [ POST event=user/new endpoint, Event ID: 8280 ] [32m INFO[0;39m [35m2292[0;39m [2m---[0;39m [2m[nio-9999-exec-2][0;39m [36mcom.revature.controller.UserController  [0;39m [2m:[0;39m endpoint accessed
[2m2021-04-11 14:23:07.872[0;39m [ POST event=user/new endpoint, Event ID: 3912 ] [32m INFO[0;39m [35m2292[0;39m [2m---[0;39m [2m[nio-9999-exec-4][0;39m [36mcom.revature.controller.UserController  [0;39m [2m:[0;39m endpoint accessed
[2m2021-04-11 14:23:44.967[0;39m [ POST event=user/new endpoint, Event ID: 925 ] [32m INFO[0;39m [35m2292[0;39m [2m---[0;39m [2m[nio-9999-exec-6][0;39m [36mcom.revature.controller.UserController  [0;39m [2m:[0;39m endpoint accessed
[2m2021-04-11 14:23:47.045[0;39m [ event=create ] [32m INFO[0;39m [35m2292[0;39m [2m---[0;39m [2m[nio-9999-exec-6][0;39m [36mcom.revature.service.UserService        [0;39m [2m:[0;39m Creating user
[2m2021-04-11 14:24:07.239[0;39m [ POST event=user/new endpoint, Event ID: 4130 ] [32m INFO[0;39m [35m2292[0;39m [2m---[0;39m [2m[nio-9999-exec-7][0;39m [36mcom.revature.controller.UserController  [0;39m [2m:[0;39m endpoint accessed
[2m2021-04-11 14:24:09.314[0;39m [ event=create ] [32m INFO[0;39m [35m2292[0;39m [2m---[0;39m [2m[nio-9999-exec-7][0;39m [36mcom.revature.service.UserService        [0;39m [2m:[0;39m Creating user
[2m2021-04-11 14:24:43.371[0;39m [ POST event=user/login endpoint, Event ID: 8208 ] [32m INFO[0;39m [35m2292[0;39m [2m---[0;39m [2m[nio-9999-exec-9][0;39m [36mcom.revature.controller.UserController  [0;39m [2m:[0;39m endpoint accessed
[2m2021-04-11 14:24:45.385[0;39m [ event=select, POST event=user/login endpoint, Event ID: 8208, email=test ] [32m INFO[0;39m [35m2292[0;39m [2m---[0;39m [2m[nio-9999-exec-9][0;39m [36mcom.revature.service.UserService        [0;39m [2m:[0;39m Finding user by email
[2m2021-04-11 14:24:45.546[0;39m [ event=select, email=test ] [32m INFO[0;39m [35m2292[0;39m [2m---[0;39m [2m[nio-9999-exec-9][0;39m [36mcom.revature.service.UserService        [0;39m [2m:[0;39m Finding user by email
[2m2021-04-11 14:25:07.079[0;39m [ POST event=user/new endpoint, Event ID: 9795 ] [32m INFO[0;39m [35m2292[0;39m [2m---[0;39m [2m[io-9999-exec-10][0;39m [36mcom.revature.controller.UserController  [0;39m [2m:[0;39m endpoint accessed
[2m2021-04-11 14:25:07.142[0;39m [ event=create ] [32m INFO[0;39m [35m2292[0;39m [2m---[0;39m [2m[io-9999-exec-10][0;39m [36mcom.revature.service.UserService        [0;39m [2m:[0;39m Creating user
[2m2021-04-11 14:25:14.394[0;39m [ POST event=user/login endpoint, Event ID: 5786 ] [32m INFO[0;39m [35m2292[0;39m [2m---[0;39m [2m[nio-9999-exec-1][0;39m [36mcom.revature.controller.UserController  [0;39m [2m:[0;39m endpoint accessed
[2m2021-04-11 14:25:14.394[0;39m [ event=select, POST event=user/login endpoint, Event ID: 5786, email=test1 ] [32m INFO[0;39m [35m2292[0;39m [2m---[0;39m [2m[nio-9999-exec-1][0;39m [36mcom.revature.service.UserService        [0;39m [2m:[0;39m Finding user by email
[2m2021-04-11 14:25:14.544[0;39m [ event=select, email=test1 ] [32m INFO[0;39m [35m2292[0;39m [2m---[0;39m [2m[nio-9999-exec-1][0;39m [36mcom.revature.service.UserService        [0;39m [2m:[0;39m Finding user by email
[2m2021-04-11 14:26:27.330[0;39m [ POST event=user/user endpoint, Event ID: 380 ] [32m INFO[0;39m [35m2292[0;39m [2m---[0;39m [2m[nio-9999-exec-4][0;39m [36mcom.revature.controller.UserController  [0;39m [2m:[0;39m endpoint accessed
[2m2021-04-11 14:26:29.344[0;39m [ event=select, POST event=user/user endpoint, Event ID: 380, user id=0 ] [32m INFO[0;39m [35m2292[0;39m [2m---[0;39m [2m[nio-9999-exec-4][0;39m [36mcom.revature.service.UserService        [0;39m [2m:[0;39m Finding user by id
[2m2021-04-11 14:27:00.721[0;39m [ POST event=user/user endpoint, Event ID: 5878 ] [32m INFO[0;39m [35m2292[0;39m [2m---[0;39m [2m[nio-9999-exec-5][0;39m [36mcom.revature.controller.UserController  [0;39m [2m:[0;39m endpoint accessed
[2m2021-04-11 14:27:00.721[0;39m [ event=select, POST event=user/user endpoint, Event ID: 5878, user id=11 ] [32m INFO[0;39m [35m2292[0;39m [2m---[0;39m [2m[nio-9999-exec-5][0;39m [36mcom.revature.service.UserService        [0;39m [2m:[0;39m Finding user by id
[2m2021-04-11 14:27:37.592[0;39m [ PUT event=user/info endpoint, Event ID: 6660 ] [32m INFO[0;39m [35m2292[0;39m [2m---[0;39m [2m[nio-9999-exec-8][0;39m [36mcom.revature.controller.UserController  [0;39m [2m:[0;39m endpoint accessed
[2m2021-04-11 14:27:39.605[0;39m [ event=select, PUT event=user/info endpoint, Event ID: 6660, user id=11 ] [32m INFO[0;39m [35m2292[0;39m [2m---[0;39m [2m[nio-9999-exec-8][0;39m [36mcom.revature.service.UserService        [0;39m [2m:[0;39m Finding user by id
[2m2021-04-11 14:29:40.032[0;39m [ PUT event=user/master endpoint, Event ID: 5245 ] [32m INFO[0;39m [35m2292[0;39m [2m---[0;39m [2m[nio-9999-exec-1][0;39m [36mcom.revature.controller.UserController  [0;39m [2m:[0;39m endpoint accessed
[2m2021-04-11 14:29:42.047[0;39m [ event=select, PUT event=user/master endpoint, Event ID: 5245, user id=11 ] [32m INFO[0;39m [35m2292[0;39m [2m---[0;39m [2m[nio-9999-exec-1][0;39m [36mcom.revature.service.UserService        [0;39m [2m:[0;39m Finding user by id
[2m2021-04-11 14:29:42.114[0;39m [  ] [32m INFO[0;39m [35m2292[0;39m [2m---[0;39m [2m[nio-9999-exec-1][0;39m [36mcom.revature.controller.UserController  [0;39m [2m:[0;39m adding admin
[2m2021-04-11 14:29:42.115[0;39m [ event=create ] [32m INFO[0;39m [35m2292[0;39m [2m---[0;39m [2m[nio-9999-exec-1][0;39m [36mcom.revature.service.UserService        [0;39m [2m:[0;39m Creating user
[2m2021-04-11 14:29:49.965[0;39m [ POST event=user/all endpoint, Event ID: 8434 ] [32m INFO[0;39m [35m2292[0;39m [2m---[0;39m [2m[nio-9999-exec-2][0;39m [36mcom.revature.controller.UserController  [0;39m [2m:[0;39m endpoint accessed
[2m2021-04-11 14:29:49.965[0;39m [ event=select ] [32m INFO[0;39m [35m2292[0;39m [2m---[0;39m [2m[nio-9999-exec-2][0;39m [36mcom.revature.service.UserService        [0;39m [2m:[0;39m Finding all users
[2m2021-04-11 14:33:13.344[0;39m [ POST event=user/all endpoint, Event ID: 6626 ] [32m INFO[0;39m [35m2292[0;39m [2m---[0;39m [2m[nio-9999-exec-5][0;39m [36mcom.revature.controller.UserController  [0;39m [2m:[0;39m endpoint accessed
[2m2021-04-11 14:33:15.356[0;39m [ event=select ] [32m INFO[0;39m [35m2292[0;39m [2m---[0;39m [2m[nio-9999-exec-5][0;39m [36mcom.revature.service.UserService        [0;39m [2m:[0;39m Finding all users
[2m2021-04-11 14:34:20.939[0;39m [ POST event=user/all endpoint, Event ID: 5382 ] [32m INFO[0;39m [35m2292[0;39m [2m---[0;39m [2m[nio-9999-exec-9][0;39m [36mcom.revature.controller.UserController  [0;39m [2m:[0;39m endpoint accessed
[2m2021-04-11 14:34:22.950[0;39m [ event=select ] [32m INFO[0;39m [35m2292[0;39m [2m---[0;39m [2m[nio-9999-exec-9][0;39m [36mcom.revature.service.UserService        [0;39m [2m:[0;39m Finding all users
[2m2021-04-11 14:35:22.877[0;39m [ POST event=account/accounts endpoint, Event ID: 8720 ] [32m INFO[0;39m [35m2292[0;39m [2m---[0;39m [2m[nio-9999-exec-1][0;39m [36mcom.revature.controller.UserController  [0;39m [2m:[0;39m endpoint accessed
[2m2021-04-11 14:35:22.877[0;39m [ User ID=4, event=select ] [32m INFO[0;39m [35m2292[0;39m [2m---[0;39m [2m[nio-9999-exec-1][0;39m [36mcom.revature.service.AccountService     [0;39m [2m:[0;39m Finding account by user id
[2m2021-04-11 14:46:12.746[0;39m [  ] [32m INFO[0;39m [35m2648[0;39m [2m---[0;39m [2m[  restartedMain][0;39m [36mcom.revature.H2DemoApplication          [0;39m [2m:[0;39m No active profile set, falling back to default profiles: default
[2m2021-04-11 14:46:48.852[0;39m [  ] [32m INFO[0;39m [35m1148[0;39m [2m---[0;39m [2m[  restartedMain][0;39m [36mcom.revature.H2DemoApplication          [0;39m [2m:[0;39m No active profile set, falling back to default profiles: default
[2m2021-04-11 14:46:57.364[0;39m [  ] [32m INFO[0;39m [35m1148[0;39m [2m---[0;39m [2m[  restartedMain][0;39m [36mcom.revature.H2DemoApplication          [0;39m [2m:[0;39m Started H2DemoApplication in 14.419 seconds (JVM running for 15.047)
[2m2021-04-11 14:47:49.027[0;39m [ POST event=user/new endpoint, Event ID: 2208 ] [32m INFO[0;39m [35m1148[0;39m [2m---[0;39m [2m[nio-9999-exec-4][0;39m [36mcom.revature.controller.UserController  [0;39m [2m:[0;39m endpoint accessed
[2m2021-04-11 14:48:00.968[0;39m [ POST event=user/new endpoint, Event ID: 8989 ] [32m INFO[0;39m [35m1148[0;39m [2m---[0;39m [2m[nio-9999-exec-5][0;39m [36mcom.revature.controller.UserController  [0;39m [2m:[0;39m endpoint accessed
[2m2021-04-11 14:48:29.359[0;39m [ POST event=user/new endpoint, Event ID: 500 ] [32m INFO[0;39m [35m1148[0;39m [2m---[0;39m [2m[nio-9999-exec-6][0;39m [36mcom.revature.controller.UserController  [0;39m [2m:[0;39m endpoint accessed
[2m2021-04-11 14:48:31.433[0;39m [ event=create ] [32m INFO[0;39m [35m1148[0;39m [2m---[0;39m [2m[nio-9999-exec-6][0;39m [36mcom.revature.service.UserService        [0;39m [2m:[0;39m Creating user
[2m2021-04-11 14:51:01.257[0;39m [  ] [32m INFO[0;39m [35m1148[0;39m [2m---[0;39m [2m[  restartedMain][0;39m [36mcom.revature.H2DemoApplication          [0;39m [2m:[0;39m No active profile set, falling back to default profiles: default
[2m2021-04-11 14:51:06.068[0;39m [  ] [32m INFO[0;39m [35m1148[0;39m [2m---[0;39m [2m[  restartedMain][0;39m [36mcom.revature.H2DemoApplication          [0;39m [2m:[0;39m Started H2DemoApplication in 9.994 seconds (JVM running for 263.751)
[2m2021-04-11 14:51:17.539[0;39m [ POST event=user/new endpoint, Event ID: 8977 ] [32m INFO[0;39m [35m1148[0;39m [2m---[0;39m [2m[nio-9999-exec-3][0;39m [36mcom.revature.controller.UserController  [0;39m [2m:[0;39m endpoint accessed
[2m2021-04-11 14:51:19.614[0;39m [ event=create ] [32m INFO[0;39m [35m1148[0;39m [2m---[0;39m [2m[nio-9999-exec-3][0;39m [36mcom.revature.service.UserService        [0;39m [2m:[0;39m Creating user
[2m2021-04-11 14:51:23.629[0;39m [ POST event=user/new endpoint, Event ID: 5234 ] [32m INFO[0;39m [35m1148[0;39m [2m---[0;39m [2m[nio-9999-exec-5][0;39m [36mcom.revature.controller.UserController  [0;39m [2m:[0;39m endpoint accessed
[2m2021-04-11 14:51:25.706[0;39m [ event=create ] [32m INFO[0;39m [35m1148[0;39m [2m---[0;39m [2m[nio-9999-exec-5][0;39m [36mcom.revature.service.UserService        [0;39m [2m:[0;39m Creating user
[2m2021-04-11 14:54:43.036[0;39m [  ] [32m INFO[0;39m [35m1148[0;39m [2m---[0;39m [2m[  restartedMain][0;39m [36mcom.revature.H2DemoApplication          [0;39m [2m:[0;39m No active profile set, falling back to default profiles: default
[2m2021-04-11 14:54:47.873[0;39m [  ] [32m INFO[0;39m [35m1148[0;39m [2m---[0;39m [2m[  restartedMain][0;39m [36mcom.revature.H2DemoApplication          [0;39m [2m:[0;39m Started H2DemoApplication in 10.036 seconds (JVM running for 485.556)
[2m2021-04-11 14:55:41.708[0;39m [  ] [32m INFO[0;39m [35m1148[0;39m [2m---[0;39m [2m[  restartedMain][0;39m [36mcom.revature.H2DemoApplication          [0;39m [2m:[0;39m No active profile set, falling back to default profiles: default
[2m2021-04-11 14:55:46.566[0;39m [  ] [32m INFO[0;39m [35m1148[0;39m [2m---[0;39m [2m[  restartedMain][0;39m [36mcom.revature.H2DemoApplication          [0;39m [2m:[0;39m Started H2DemoApplication in 10.05 seconds (JVM running for 544.25)
[2m2021-04-11 14:56:33.495[0;39m [  ] [32m INFO[0;39m [35m1148[0;39m [2m---[0;39m [2m[  restartedMain][0;39m [36mcom.revature.H2DemoApplication          [0;39m [2m:[0;39m No active profile set, falling back to default profiles: default
[2m2021-04-11 14:56:38.304[0;39m [  ] [32m INFO[0;39m [35m1148[0;39m [2m---[0;39m [2m[  restartedMain][0;39m [36mcom.revature.H2DemoApplication          [0;39m [2m:[0;39m Started H2DemoApplication in 10.016 seconds (JVM running for 595.987)
[2m2021-04-11 14:56:39.774[0;39m [ POST event=user/all endpoint, Event ID: 4313 ] [32m INFO[0;39m [35m1148[0;39m [2m---[0;39m [2m[nio-9999-exec-2][0;39m [36mcom.revature.controller.UserController  [0;39m [2m:[0;39m endpoint accessed
[2m2021-04-11 14:56:40.317[0;39m [ event=select ] [32m INFO[0;39m [35m1148[0;39m [2m---[0;39m [2m[nio-9999-exec-2][0;39m [36mcom.revature.service.UserService        [0;39m [2m:[0;39m Finding all users
[2m2021-04-11 14:56:42.648[0;39m [ POST event=user/all endpoint, Event ID: 1869 ] [32m INFO[0;39m [35m1148[0;39m [2m---[0;39m [2m[nio-9999-exec-3][0;39m [36mcom.revature.controller.UserController  [0;39m [2m:[0;39m endpoint accessed
[2m2021-04-11 14:56:44.661[0;39m [ event=select ] [32m INFO[0;39m [35m1148[0;39m [2m---[0;39m [2m[nio-9999-exec-3][0;39m [36mcom.revature.service.UserService        [0;39m [2m:[0;39m Finding all users
[2m2021-04-11 14:58:14.710[0;39m [ POST event=account/new endpoint, Event ID: 524 ] [32m INFO[0;39m [35m1148[0;39m [2m---[0;39m [2m[nio-9999-exec-6][0;39m [36mcom.revature.controller.UserController  [0;39m [2m:[0;39m endpoint accessed
[2m2021-04-11 14:58:16.723[0;39m [ event=create ] [32m INFO[0;39m [35m1148[0;39m [2m---[0;39m [2m[nio-9999-exec-6][0;39m [36mcom.revature.service.AccountService     [0;39m [2m:[0;39m Creating account
[2m2021-04-11 14:59:47.042[0;39m [  ] [32m INFO[0;39m [35m1148[0;39m [2m---[0;39m [2m[  restartedMain][0;39m [36mcom.revature.H2DemoApplication          [0;39m [2m:[0;39m No active profile set, falling back to default profiles: default
[2m2021-04-11 14:59:51.833[0;39m [  ] [32m INFO[0;39m [35m1148[0;39m [2m---[0;39m [2m[  restartedMain][0;39m [36mcom.revature.H2DemoApplication          [0;39m [2m:[0;39m Started H2DemoApplication in 9.976 seconds (JVM running for 789.516)
[2m2021-04-11 15:02:13.359[0;39m [  ] [32m INFO[0;39m [35m1148[0;39m [2m---[0;39m [2m[  restartedMain][0;39m [36mcom.revature.H2DemoApplication          [0;39m [2m:[0;39m No active profile set, falling back to default profiles: default
[2m2021-04-11 15:02:50.721[0;39m [  ] [32m INFO[0;39m [35m1148[0;39m [2m---[0;39m [2m[  restartedMain][0;39m [36mcom.revature.H2DemoApplication          [0;39m [2m:[0;39m No active profile set, falling back to default profiles: default
[2m2021-04-11 15:02:58.699[0;39m [  ] [32m INFO[0;39m [35m1148[0;39m [2m---[0;39m [2m[  restartedMain][0;39m [36mcom.revature.H2DemoApplication          [0;39m [2m:[0;39m Started H2DemoApplication in 13.172 seconds (JVM running for 976.382)
[2m2021-04-11 15:03:15.358[0;39m [  ] [32m INFO[0;39m [35m1148[0;39m [2m---[0;39m [2m[  restartedMain][0;39m [36mcom.revature.H2DemoApplication          [0;39m [2m:[0;39m No active profile set, falling back to default profiles: default
[2m2021-04-11 15:03:20.124[0;39m [  ] [32m INFO[0;39m [35m1148[0;39m [2m---[0;39m [2m[  restartedMain][0;39m [36mcom.revature.H2DemoApplication          [0;39m [2m:[0;39m Started H2DemoApplication in 9.948 seconds (JVM running for 997.807)
[2m2021-04-11 15:03:25.298[0;39m [ POST event=account/new endpoint, Event ID: 2970 ] [32m INFO[0;39m [35m1148[0;39m [2m---[0;39m [2m[nio-9999-exec-1][0;39m [36mcom.revature.controller.UserController  [0;39m [2m:[0;39m endpoint accessed
[2m2021-04-11 15:03:27.312[0;39m [ event=create ] [32m INFO[0;39m [35m1148[0;39m [2m---[0;39m [2m[nio-9999-exec-1][0;39m [36mcom.revature.service.AccountService     [0;39m [2m:[0;39m Creating account
[2m2021-04-11 15:04:31.532[0;39m [  ] [32m INFO[0;39m [35m1148[0;39m [2m---[0;39m [2m[  restartedMain][0;39m [36mcom.revature.H2DemoApplication          [0;39m [2m:[0;39m No active profile set, falling back to default profiles: default
[2m2021-04-11 15:04:36.297[0;39m [  ] [32m INFO[0;39m [35m1148[0;39m [2m---[0;39m [2m[  restartedMain][0;39m [36mcom.revature.H2DemoApplication          [0;39m [2m:[0;39m Started H2DemoApplication in 9.943 seconds (JVM running for 1073.98)
[2m2021-04-11 15:04:51.953[0;39m [  ] [32m INFO[0;39m [35m1148[0;39m [2m---[0;39m [2m[  restartedMain][0;39m [36mcom.revature.H2DemoApplication          [0;39m [2m:[0;39m No active profile set, falling back to default profiles: default
[2m2021-04-11 15:04:56.692[0;39m [  ] [32m INFO[0;39m [35m1148[0;39m [2m---[0;39m [2m[  restartedMain][0;39m [36mcom.revature.H2DemoApplication          [0;39m [2m:[0;39m Started H2DemoApplication in 9.93 seconds (JVM running for 1094.375)
[2m2021-04-11 15:08:23.674[0;39m [  ] [32m INFO[0;39m [35m1148[0;39m [2m---[0;39m [2m[  restartedMain][0;39m [36mcom.revature.H2DemoApplication          [0;39m [2m:[0;39m No active profile set, falling back to default profiles: default
[2m2021-04-11 15:08:28.431[0;39m [  ] [32m INFO[0;39m [35m1148[0;39m [2m---[0;39m [2m[  restartedMain][0;39m [36mcom.revature.H2DemoApplication          [0;39m [2m:[0;39m Started H2DemoApplication in 10.039 seconds (JVM running for 1306.114)
[2m2021-04-11 15:08:58.310[0;39m [  ] [32m INFO[0;39m [35m1148[0;39m [2m---[0;39m [2m[  restartedMain][0;39m [36mcom.revature.H2DemoApplication          [0;39m [2m:[0;39m No active profile set, falling back to default profiles: default
[2m2021-04-11 15:09:03.134[0;39m [  ] [32m INFO[0;39m [35m1148[0;39m [2m---[0;39m [2m[  restartedMain][0;39m [36mcom.revature.H2DemoApplication          [0;39m [2m:[0;39m Started H2DemoApplication in 10.025 seconds (JVM running for 1340.817)
[2m2021-04-11 15:09:15.150[0;39m [  ] [32m INFO[0;39m [35m1148[0;39m [2m---[0;39m [2m[  restartedMain][0;39m [36mcom.revature.H2DemoApplication          [0;39m [2m:[0;39m No active profile set, falling back to default profiles: default
[2m2021-04-11 15:09:19.907[0;39m [  ] [32m INFO[0;39m [35m1148[0;39m [2m---[0;39m [2m[  restartedMain][0;39m [36mcom.revature.H2DemoApplication          [0;39m [2m:[0;39m Started H2DemoApplication in 9.936 seconds (JVM running for 1357.59)
[2m2021-04-11 15:09:26.968[0;39m [ POST event=account/new endpoint, Event ID: 9751 ] [32m INFO[0;39m [35m1148[0;39m [2m---[0;39m [2m[nio-9999-exec-2][0;39m [36mcom.revature.controller.UserController  [0;39m [2m:[0;39m endpoint accessed
[2m2021-04-11 15:09:28.981[0;39m [ event=create ] [32m INFO[0;39m [35m1148[0;39m [2m---[0;39m [2m[nio-9999-exec-2][0;39m [36mcom.revature.service.AccountService     [0;39m [2m:[0;39m Creating account
[2m2021-04-11 15:09:44.580[0;39m [ POST event=user/new endpoint, Event ID: 1123 ] [32m INFO[0;39m [35m1148[0;39m [2m---[0;39m [2m[nio-9999-exec-3][0;39m [36mcom.revature.controller.UserController  [0;39m [2m:[0;39m endpoint accessed
[2m2021-04-11 15:09:55.987[0;39m [ POST event=user/new endpoint, Event ID: 2762 ] [32m INFO[0;39m [35m1148[0;39m [2m---[0;39m [2m[nio-9999-exec-5][0;39m [36mcom.revature.controller.UserController  [0;39m [2m:[0;39m endpoint accessed
[2m2021-04-11 15:11:26.470[0;39m [  ] [32m INFO[0;39m [35m1148[0;39m [2m---[0;39m [2m[  restartedMain][0;39m [36mcom.revature.H2DemoApplication          [0;39m [2m:[0;39m No active profile set, falling back to default profiles: default
[2m2021-04-11 15:11:31.346[0;39m [  ] [32m INFO[0;39m [35m1148[0;39m [2m---[0;39m [2m[  restartedMain][0;39m [36mcom.revature.H2DemoApplication          [0;39m [2m:[0;39m Started H2DemoApplication in 10.067 seconds (JVM running for 1489.029)
[2m2021-04-11 15:11:39.980[0;39m [  ] [32m INFO[0;39m [35m1148[0;39m [2m---[0;39m [2m[  restartedMain][0;39m [36mcom.revature.H2DemoApplication          [0;39m [2m:[0;39m No active profile set, falling back to default profiles: default
[2m2021-04-11 15:11:44.670[0;39m [  ] [32m INFO[0;39m [35m1148[0;39m [2m---[0;39m [2m[  restartedMain][0;39m [36mcom.revature.H2DemoApplication          [0;39m [2m:[0;39m Started H2DemoApplication in 9.88 seconds (JVM running for 1502.353)
[2m2021-04-11 15:11:58.449[0;39m [  ] [32m INFO[0;39m [35m1148[0;39m [2m---[0;39m [2m[  restartedMain][0;39m [36mcom.revature.H2DemoApplication          [0;39m [2m:[0;39m No active profile set, falling back to default profiles: default
[2m2021-04-11 15:12:03.222[0;39m [  ] [32m INFO[0;39m [35m1148[0;39m [2m---[0;39m [2m[  restartedMain][0;39m [36mcom.revature.H2DemoApplication          [0;39m [2m:[0;39m Started H2DemoApplication in 9.962 seconds (JVM running for 1520.905)
[2m2021-04-11 15:12:20.956[0;39m [  ] [32m INFO[0;39m [35m1148[0;39m [2m---[0;39m [2m[  restartedMain][0;39m [36mcom.revature.H2DemoApplication          [0;39m [2m:[0;39m No active profile set, falling back to default profiles: default
[2m2021-04-11 15:12:25.739[0;39m [  ] [32m INFO[0;39m [35m1148[0;39m [2m---[0;39m [2m[  restartedMain][0;39m [36mcom.revature.H2DemoApplication          [0;39m [2m:[0;39m Started H2DemoApplication in 9.975 seconds (JVM running for 1543.422)
[2m2021-04-11 15:13:58.973[0;39m [  ] [32m INFO[0;39m [35m1148[0;39m [2m---[0;39m [2m[  restartedMain][0;39m [36mcom.revature.H2DemoApplication          [0;39m [2m:[0;39m No active profile set, falling back to default profiles: default
[2m2021-04-11 15:14:03.785[0;39m [  ] [32m INFO[0;39m [35m1148[0;39m [2m---[0;39m [2m[  restartedMain][0;39m [36mcom.revature.H2DemoApplication          [0;39m [2m:[0;39m Started H2DemoApplication in 10.072 seconds (JVM running for 1641.468)
[2m2021-04-11 15:14:33.961[0;39m [ POST event=user/new endpoint, Event ID: 3146 ] [32m INFO[0;39m [35m1148[0;39m [2m---[0;39m [2m[nio-9999-exec-2][0;39m [36mcom.revature.controller.UserController  [0;39m [2m:[0;39m endpoint accessed
[2m2021-04-11 15:15:08.732[0;39m [  ] [32m INFO[0;39m [35m16744[0;39m [2m---[0;39m [2m[  restartedMain][0;39m [36mcom.revature.H2DemoApplication          [0;39m [2m:[0;39m No active profile set, falling back to default profiles: default
[2m2021-04-11 15:15:17.273[0;39m [  ] [32m INFO[0;39m [35m16744[0;39m [2m---[0;39m [2m[  restartedMain][0;39m [36mcom.revature.H2DemoApplication          [0;39m [2m:[0;39m Started H2DemoApplication in 14.565 seconds (JVM running for 15.204)
[2m2021-04-11 15:15:17.470[0;39m [ POST event=user/new endpoint, Event ID: 2004 ] [32m INFO[0;39m [35m16744[0;39m [2m---[0;39m [2m[nio-9999-exec-1][0;39m [36mcom.revature.controller.UserController  [0;39m [2m:[0;39m endpoint accessed
[2m2021-04-11 15:15:38.344[0;39m [ POST event=user/new endpoint, Event ID: 4480 ] [32m INFO[0;39m [35m16744[0;39m [2m---[0;39m [2m[nio-9999-exec-5][0;39m [36mcom.revature.controller.UserController  [0;39m [2m:[0;39m endpoint accessed
[2m2021-04-11 15:15:40.418[0;39m [ event=create ] [32m INFO[0;39m [35m16744[0;39m [2m---[0;39m [2m[nio-9999-exec-5][0;39m [36mcom.revature.service.UserService        [0;39m [2m:[0;39m Creating user
[2m2021-04-11 15:17:34.663[0;39m [  ] [32m INFO[0;39m [35m2932[0;39m [2m---[0;39m [2m[  restartedMain][0;39m [36mcom.revature.H2DemoApplication          [0;39m [2m:[0;39m No active profile set, falling back to default profiles: default
[2m2021-04-11 15:17:43.136[0;39m [  ] [32m INFO[0;39m [35m2932[0;39m [2m---[0;39m [2m[  restartedMain][0;39m [36mcom.revature.H2DemoApplication          [0;39m [2m:[0;39m Started H2DemoApplication in 14.499 seconds (JVM running for 15.149)
[2m2021-04-11 15:17:49.254[0;39m [ POST event=user/new endpoint, Event ID: 3214 ] [32m INFO[0;39m [35m2932[0;39m [2m---[0;39m [2m[nio-9999-exec-1][0;39m [36mcom.revature.controller.UserController  [0;39m [2m:[0;39m endpoint accessed
[2m2021-04-11 15:17:51.333[0;39m [ event=create ] [32m INFO[0;39m [35m2932[0;39m [2m---[0;39m [2m[nio-9999-exec-1][0;39m [36mcom.revature.service.UserService        [0;39m [2m:[0;39m Creating user
[2m2021-04-11 15:17:59.582[0;39m [ POST event=user/new endpoint, Event ID: 7997 ] [32m INFO[0;39m [35m2932[0;39m [2m---[0;39m [2m[nio-9999-exec-3][0;39m [36mcom.revature.controller.UserController  [0;39m [2m:[0;39m endpoint accessed
[2m2021-04-11 15:18:12.777[0;39m [ POST event=user/new endpoint, Event ID: 2730 ] [32m INFO[0;39m [35m2932[0;39m [2m---[0;39m [2m[nio-9999-exec-5][0;39m [36mcom.revature.controller.UserController  [0;39m [2m:[0;39m endpoint accessed
[2m2021-04-11 15:18:14.852[0;39m [ event=create ] [32m INFO[0;39m [35m2932[0;39m [2m---[0;39m [2m[nio-9999-exec-5][0;39m [36mcom.revature.service.UserService        [0;39m [2m:[0;39m Creating user
[2m2021-04-11 15:18:51.804[0;39m [ POST event=user/new endpoint, Event ID: 6743 ] [32m INFO[0;39m [35m2932[0;39m [2m---[0;39m [2m[nio-9999-exec-8][0;39m [36mcom.revature.controller.UserController  [0;39m [2m:[0;39m endpoint accessed
[2m2021-04-11 15:18:53.879[0;39m [ event=create ] [32m INFO[0;39m [35m2932[0;39m [2m---[0;39m [2m[nio-9999-exec-8][0;39m [36mcom.revature.service.UserService        [0;39m [2m:[0;39m Creating user
[2m2021-04-11 15:19:19.715[0;39m [ POST event=user/new endpoint, Event ID: 953 ] [32m INFO[0;39m [35m2932[0;39m [2m---[0;39m [2m[io-9999-exec-10][0;39m [36mcom.revature.controller.UserController  [0;39m [2m:[0;39m endpoint accessed
[2m2021-04-11 15:19:21.795[0;39m [ event=create ] [32m INFO[0;39m [35m2932[0;39m [2m---[0;39m [2m[io-9999-exec-10][0;39m [36mcom.revature.service.UserService        [0;39m [2m:[0;39m Creating user
[2m2021-04-11 15:20:56.881[0;39m [ POST event=account/new endpoint, Event ID: 763 ] [32m INFO[0;39m [35m2932[0;39m [2m---[0;39m [2m[nio-9999-exec-5][0;39m [36mcom.revature.controller.UserController  [0;39m [2m:[0;39m endpoint accessed
[2m2021-04-11 15:20:58.893[0;39m [ event=create ] [32m INFO[0;39m [35m2932[0;39m [2m---[0;39m [2m[nio-9999-exec-5][0;39m [36mcom.revature.service.AccountService     [0;39m [2m:[0;39m Creating account
[2m2021-04-11 15:22:29.862[0;39m [ POST event=account/new endpoint, Event ID: 3096 ] [32m INFO[0;39m [35m2932[0;39m [2m---[0;39m [2m[nio-9999-exec-9][0;39m [36mcom.revature.controller.UserController  [0;39m [2m:[0;39m endpoint accessed
[2m2021-04-11 15:22:31.877[0;39m [ event=create ] [32m INFO[0;39m [35m2932[0;39m [2m---[0;39m [2m[nio-9999-exec-9][0;39m [36mcom.revature.service.AccountService     [0;39m [2m:[0;39m Creating account
[2m2021-04-11 15:23:07.107[0;39m [ POST event=account/new endpoint, Event ID: 3043 ] [32m INFO[0;39m [35m2932[0;39m [2m---[0;39m [2m[nio-9999-exec-2][0;39m [36mcom.revature.controller.UserController  [0;39m [2m:[0;39m endpoint accessed
[2m2021-04-11 15:23:09.119[0;39m [ event=create ] [32m INFO[0;39m [35m2932[0;39m [2m---[0;39m [2m[nio-9999-exec-2][0;39m [36mcom.revature.service.AccountService     [0;39m [2m:[0;39m Creating account
[2m2021-04-11 15:24:05.263[0;39m [ POST event=account/new endpoint, Event ID: 9676 ] [32m INFO[0;39m [35m2932[0;39m [2m---[0;39m [2m[nio-9999-exec-1][0;39m [36mcom.revature.controller.UserController  [0;39m [2m:[0;39m endpoint accessed
[2m2021-04-11 15:24:07.277[0;39m [ event=create ] [32m INFO[0;39m [35m2932[0;39m [2m---[0;39m [2m[nio-9999-exec-1][0;39m [36mcom.revature.service.AccountService     [0;39m [2m:[0;39m Creating account
[2m2021-04-11 15:25:11.907[0;39m [ POST event=user/user endpoint, Event ID: 9887 ] [32m INFO[0;39m [35m2932[0;39m [2m---[0;39m [2m[nio-9999-exec-4][0;39m [36mcom.revature.controller.UserController  [0;39m [2m:[0;39m endpoint accessed
[2m2021-04-11 15:25:13.922[0;39m [ event=select, POST event=user/user endpoint, Event ID: 9887, user id=4 ] [32m INFO[0;39m [35m2932[0;39m [2m---[0;39m [2m[nio-9999-exec-4][0;39m [36mcom.revature.service.UserService        [0;39m [2m:[0;39m Finding user by id
[2m2021-04-11 15:25:51.509[0;39m [  ] [32m INFO[0;39m [35m2932[0;39m [2m---[0;39m [2m[  restartedMain][0;39m [36mcom.revature.H2DemoApplication          [0;39m [2m:[0;39m No active profile set, falling back to default profiles: default
[2m2021-04-11 15:25:56.494[0;39m [  ] [32m INFO[0;39m [35m2932[0;39m [2m---[0;39m [2m[  restartedMain][0;39m [36mcom.revature.H2DemoApplication          [0;39m [2m:[0;39m Started H2DemoApplication in 10.219 seconds (JVM running for 508.507)
[2m2021-04-11 15:26:00.312[0;39m [ POST event=user/user endpoint, Event ID: 3811 ] [32m INFO[0;39m [35m2932[0;39m [2m---[0;39m [2m[nio-9999-exec-1][0;39m [36mcom.revature.controller.UserController  [0;39m [2m:[0;39m endpoint accessed
[2m2021-04-11 15:26:02.325[0;39m [ event=select, POST event=user/user endpoint, Event ID: 3811, user id=4 ] [32m INFO[0;39m [35m2932[0;39m [2m---[0;39m [2m[nio-9999-exec-1][0;39m [36mcom.revature.service.UserService        [0;39m [2m:[0;39m Finding user by id
[2m2021-04-11 15:27:21.542[0;39m [  ] [32m INFO[0;39m [35m2932[0;39m [2m---[0;39m [2m[  restartedMain][0;39m [36mcom.revature.H2DemoApplication          [0;39m [2m:[0;39m No active profile set, falling back to default profiles: default
[2m2021-04-11 15:27:52.645[0;39m [  ] [32m INFO[0;39m [35m2932[0;39m [2m---[0;39m [2m[  restartedMain][0;39m [36mcom.revature.H2DemoApplication          [0;39m [2m:[0;39m No active profile set, falling back to default profiles: default
[2m2021-04-11 15:31:27.331[0;39m [  ] [32m INFO[0;39m [35m7252[0;39m [2m---[0;39m [2m[  restartedMain][0;39m [36mcom.revature.H2DemoApplication          [0;39m [2m:[0;39m No active profile set, falling back to default profiles: default
[2m2021-04-11 15:31:35.792[0;39m [  ] [32m INFO[0;39m [35m7252[0;39m [2m---[0;39m [2m[  restartedMain][0;39m [36mcom.revature.H2DemoApplication          [0;39m [2m:[0;39m Started H2DemoApplication in 14.483 seconds (JVM running for 15.127)
[2m2021-04-11 15:32:10.806[0;39m [ POST event=user/new endpoint, Event ID: 4986 ] [32m INFO[0;39m [35m7252[0;39m [2m---[0;39m [2m[nio-9999-exec-1][0;39m [36mcom.revature.controller.UserController  [0;39m [2m:[0;39m endpoint accessed
[2m2021-04-11 15:32:34.317[0;39m [ POST event=user/new endpoint, Event ID: 8641 ] [32m INFO[0;39m [35m7252[0;39m [2m---[0;39m [2m[nio-9999-exec-4][0;39m [36mcom.revature.controller.UserController  [0;39m [2m:[0;39m endpoint accessed
[2m2021-04-11 15:32:49.465[0;39m [ POST event=user/new endpoint, Event ID: 858 ] [32m INFO[0;39m [35m7252[0;39m [2m---[0;39m [2m[nio-9999-exec-9][0;39m [36mcom.revature.controller.UserController  [0;39m [2m:[0;39m endpoint accessed
[2m2021-04-11 15:32:51.543[0;39m [ event=create ] [32m INFO[0;39m [35m7252[0;39m [2m---[0;39m [2m[nio-9999-exec-9][0;39m [36mcom.revature.service.UserService        [0;39m [2m:[0;39m Creating user
[2m2021-04-11 15:36:05.847[0;39m [  ] [32m INFO[0;39m [35m7252[0;39m [2m---[0;39m [2m[  restartedMain][0;39m [36mcom.revature.H2DemoApplication          [0;39m [2m:[0;39m No active profile set, falling back to default profiles: default
[2m2021-04-11 15:36:10.810[0;39m [  ] [32m INFO[0;39m [35m7252[0;39m [2m---[0;39m [2m[  restartedMain][0;39m [36mcom.revature.H2DemoApplication          [0;39m [2m:[0;39m Started H2DemoApplication in 10.168 seconds (JVM running for 290.145)
[2m2021-04-11 15:36:21.632[0;39m [ POST event=user/new endpoint, Event ID: 7898 ] [32m INFO[0;39m [35m7252[0;39m [2m---[0;39m [2m[nio-9999-exec-3][0;39m [36mcom.revature.controller.UserController  [0;39m [2m:[0;39m endpoint accessed
[2m2021-04-11 15:36:23.707[0;39m [ event=create ] [32m INFO[0;39m [35m7252[0;39m [2m---[0;39m [2m[nio-9999-exec-3][0;39m [36mcom.revature.service.UserService        [0;39m [2m:[0;39m Creating user
[2m2021-04-11 15:38:13.020[0;39m [  ] [32m INFO[0;39m [35m7252[0;39m [2m---[0;39m [2m[  restartedMain][0;39m [36mcom.revature.H2DemoApplication          [0;39m [2m:[0;39m No active profile set, falling back to default profiles: default
[2m2021-04-11 15:38:17.886[0;39m [  ] [32m INFO[0;39m [35m7252[0;39m [2m---[0;39m [2m[  restartedMain][0;39m [36mcom.revature.H2DemoApplication          [0;39m [2m:[0;39m Started H2DemoApplication in 10.077 seconds (JVM running for 417.222)
[2m2021-04-11 15:38:24.870[0;39m [ POST event=user/new endpoint, Event ID: 3677 ] [32m INFO[0;39m [35m7252[0;39m [2m---[0;39m [2m[nio-9999-exec-1][0;39m [36mcom.revature.controller.UserController  [0;39m [2m:[0;39m endpoint accessed
[2m2021-04-11 15:38:26.949[0;39m [ event=create ] [32m INFO[0;39m [35m7252[0;39m [2m---[0;39m [2m[nio-9999-exec-1][0;39m [36mcom.revature.service.UserService        [0;39m [2m:[0;39m Creating user
[2m2021-04-11 15:40:30.089[0;39m [ POST event=account/new endpoint, Event ID: 8621 ] [32m INFO[0;39m [35m7252[0;39m [2m---[0;39m [2m[nio-9999-exec-4][0;39m [36mcom.revature.controller.UserController  [0;39m [2m:[0;39m endpoint accessed
[2m2021-04-11 15:40:32.104[0;39m [ event=create ] [32m INFO[0;39m [35m7252[0;39m [2m---[0;39m [2m[nio-9999-exec-4][0;39m [36mcom.revature.service.AccountService     [0;39m [2m:[0;39m Creating account
[2m2021-04-11 15:41:09.813[0;39m [ POST event=user/all endpoint, Event ID: 8782 ] [32m INFO[0;39m [35m7252[0;39m [2m---[0;39m [2m[nio-9999-exec-7][0;39m [36mcom.revature.controller.UserController  [0;39m [2m:[0;39m endpoint accessed
[2m2021-04-11 15:41:11.815[0;39m [ event=select ] [32m INFO[0;39m [35m7252[0;39m [2m---[0;39m [2m[nio-9999-exec-7][0;39m [36mcom.revature.service.UserService        [0;39m [2m:[0;39m Finding all users
[2m2021-04-11 15:42:17.557[0;39m [ POST event=user/all endpoint, Event ID: 2991 ] [32m INFO[0;39m [35m7252[0;39m [2m---[0;39m [2m[io-9999-exec-10][0;39m [36mcom.revature.controller.UserController  [0;39m [2m:[0;39m endpoint accessed
[2m2021-04-11 15:42:19.571[0;39m [ event=select ] [32m INFO[0;39m [35m7252[0;39m [2m---[0;39m [2m[io-9999-exec-10][0;39m [36mcom.revature.service.UserService        [0;39m [2m:[0;39m Finding all users
[2m2021-04-11 15:42:29.950[0;39m [ POST event=account/new endpoint, Event ID: 815 ] [32m INFO[0;39m [35m7252[0;39m [2m---[0;39m [2m[nio-9999-exec-2][0;39m [36mcom.revature.controller.UserController  [0;39m [2m:[0;39m endpoint accessed
[2m2021-04-11 15:42:31.962[0;39m [ event=create ] [32m INFO[0;39m [35m7252[0;39m [2m---[0;39m [2m[nio-9999-exec-2][0;39m [36mcom.revature.service.AccountService     [0;39m [2m:[0;39m Creating account
[2m2021-04-11 15:43:06.634[0;39m [ POST event=account/new endpoint, Event ID: 440 ] [32m INFO[0;39m [35m7252[0;39m [2m---[0;39m [2m[nio-9999-exec-3][0;39m [36mcom.revature.controller.UserController  [0;39m [2m:[0;39m endpoint accessed
[2m2021-04-11 15:43:08.646[0;39m [ event=create ] [32m INFO[0;39m [35m7252[0;39m [2m---[0;39m [2m[nio-9999-exec-3][0;39m [36mcom.revature.service.AccountService     [0;39m [2m:[0;39m Creating account
[2m2021-04-11 15:43:24.203[0;39m [ POST event=user/all endpoint, Event ID: 6938 ] [32m INFO[0;39m [35m7252[0;39m [2m---[0;39m [2m[nio-9999-exec-5][0;39m [36mcom.revature.controller.UserController  [0;39m [2m:[0;39m endpoint accessed
[2m2021-04-11 15:43:26.216[0;39m [ event=select ] [32m INFO[0;39m [35m7252[0;39m [2m---[0;39m [2m[nio-9999-exec-5][0;39m [36mcom.revature.service.UserService        [0;39m [2m:[0;39m Finding all users
[2m2021-04-11 15:59:42.468[0;39m [  ] [32m INFO[0;39m [35m12512[0;39m [2m---[0;39m [2m[  restartedMain][0;39m [36mcom.revature.H2DemoApplication          [0;39m [2m:[0;39m No active profile set, falling back to default profiles: default
[2m2021-04-11 15:59:50.906[0;39m [  ] [32m INFO[0;39m [35m12512[0;39m [2m---[0;39m [2m[  restartedMain][0;39m [36mcom.revature.H2DemoApplication          [0;39m [2m:[0;39m Started H2DemoApplication in 14.465 seconds (JVM running for 15.109)
[2m2021-04-11 15:59:54.836[0;39m [ POST event=user/all endpoint, Event ID: 1083 ] [32m INFO[0;39m [35m12512[0;39m [2m---[0;39m [2m[nio-9999-exec-1][0;39m [36mcom.revature.controller.UserController  [0;39m [2m:[0;39m endpoint accessed
[2m2021-04-11 15:59:56.850[0;39m [ event=select ] [32m INFO[0;39m [35m12512[0;39m [2m---[0;39m [2m[nio-9999-exec-1][0;39m [36mcom.revature.service.UserService        [0;39m [2m:[0;39m Finding all users
[2m2021-04-11 16:00:09.031[0;39m [ POST event=account/new endpoint, Event ID: 7155 ] [32m INFO[0;39m [35m12512[0;39m [2m---[0;39m [2m[nio-9999-exec-3][0;39m [36mcom.revature.controller.UserController  [0;39m [2m:[0;39m endpoint accessed
[2m2021-04-11 16:00:11.044[0;39m [ event=create ] [32m INFO[0;39m [35m12512[0;39m [2m---[0;39m [2m[nio-9999-exec-3][0;39m [36mcom.revature.service.AccountService     [0;39m [2m:[0;39m Creating account
[2m2021-04-11 16:08:37.457[0;39m [  ] [32m INFO[0;39m [35m12512[0;39m [2m---[0;39m [2m[  restartedMain][0;39m [36mcom.revature.H2DemoApplication          [0;39m [2m:[0;39m No active profile set, falling back to default profiles: default
[2m2021-04-11 16:08:42.279[0;39m [  ] [32m INFO[0;39m [35m12512[0;39m [2m---[0;39m [2m[  restartedMain][0;39m [36mcom.revature.H2DemoApplication          [0;39m [2m:[0;39m Started H2DemoApplication in 10.024 seconds (JVM running for 546.483)
[2m2021-04-11 16:15:44.271[0;39m [  ] [32m INFO[0;39m [35m340[0;39m [2m---[0;39m [2m[  restartedMain][0;39m [36mcom.revature.H2DemoApplication          [0;39m [2m:[0;39m No active profile set, falling back to default profiles: default
[2m2021-04-11 16:15:52.724[0;39m [  ] [32m INFO[0;39m [35m340[0;39m [2m---[0;39m [2m[  restartedMain][0;39m [36mcom.revature.H2DemoApplication          [0;39m [2m:[0;39m Started H2DemoApplication in 14.515 seconds (JVM running for 15.158)
[2m2021-04-11 16:16:58.435[0;39m [  ] [32m INFO[0;39m [35m340[0;39m [2m---[0;39m [2m[  restartedMain][0;39m [36mcom.revature.H2DemoApplication          [0;39m [2m:[0;39m No active profile set, falling back to default profiles: default
[2m2021-04-11 16:17:03.359[0;39m [  ] [32m INFO[0;39m [35m340[0;39m [2m---[0;39m [2m[  restartedMain][0;39m [36mcom.revature.H2DemoApplication          [0;39m [2m:[0;39m Started H2DemoApplication in 10.14 seconds (JVM running for 85.793)
[2m2021-04-11 16:17:10.464[0;39m [ POST event=account/new endpoint, Event ID: 7731 ] [32m INFO[0;39m [35m340[0;39m [2m---[0;39m [2m[nio-9999-exec-1][0;39m [36mcom.revature.controller.UserController  [0;39m [2m:[0;39m endpoint accessed
[2m2021-04-11 16:17:12.479[0;39m [ event=create ] [32m INFO[0;39m [35m340[0;39m [2m---[0;39m [2m[nio-9999-exec-1][0;39m [36mcom.revature.service.AccountService     [0;39m [2m:[0;39m Creating account
[2m2021-04-11 16:17:27.570[0;39m [ POST event=user/all endpoint, Event ID: 7379 ] [32m INFO[0;39m [35m340[0;39m [2m---[0;39m [2m[nio-9999-exec-3][0;39m [36mcom.revature.controller.UserController  [0;39m [2m:[0;39m endpoint accessed
[2m2021-04-11 16:17:29.582[0;39m [ event=select ] [32m INFO[0;39m [35m340[0;39m [2m---[0;39m [2m[nio-9999-exec-3][0;39m [36mcom.revature.service.UserService        [0;39m [2m:[0;39m Finding all users
[2m2021-04-11 16:21:09.271[0;39m [  ] [32m INFO[0;39m [35m18112[0;39m [2m---[0;39m [2m[  restartedMain][0;39m [36mcom.revature.H2DemoApplication          [0;39m [2m:[0;39m No active profile set, falling back to default profiles: default
[2m2021-04-11 16:21:17.627[0;39m [  ] [32m INFO[0;39m [35m18112[0;39m [2m---[0;39m [2m[  restartedMain][0;39m [36mcom.revature.H2DemoApplication          [0;39m [2m:[0;39m Started H2DemoApplication in 14.417 seconds (JVM running for 15.055)
[2m2021-04-11 16:21:38.929[0;39m [ POST event=user/all endpoint, Event ID: 9743 ] [32m INFO[0;39m [35m18112[0;39m [2m---[0;39m [2m[nio-9999-exec-2][0;39m [36mcom.revature.controller.UserController  [0;39m [2m:[0;39m endpoint accessed
[2m2021-04-11 16:21:40.942[0;39m [ event=select ] [32m INFO[0;39m [35m18112[0;39m [2m---[0;39m [2m[nio-9999-exec-2][0;39m [36mcom.revature.service.UserService        [0;39m [2m:[0;39m Finding all users
[2m2021-04-11 16:21:51.780[0;39m [ POST event=user/new endpoint, Event ID: 7127 ] [32m INFO[0;39m [35m18112[0;39m [2m---[0;39m [2m[nio-9999-exec-4][0;39m [36mcom.revature.controller.UserController  [0;39m [2m:[0;39m endpoint accessed
[2m2021-04-11 17:48:10.276[0;39m [  ] [32m INFO[0;39m [35m11552[0;39m [2m---[0;39m [2m[  restartedMain][0;39m [36mcom.revature.H2DemoApplication          [0;39m [2m:[0;39m No active profile set, falling back to default profiles: default
[2m2021-04-11 17:48:18.611[0;39m [  ] [32m INFO[0;39m [35m11552[0;39m [2m---[0;39m [2m[  restartedMain][0;39m [36mcom.revature.H2DemoApplication          [0;39m [2m:[0;39m Started H2DemoApplication in 14.376 seconds (JVM running for 15.01)
[2m2021-04-11 17:48:27.098[0;39m [ POST event=user/new endpoint, Event ID: 1535 ] [32m INFO[0;39m [35m11552[0;39m [2m---[0;39m [2m[nio-9999-exec-1][0;39m [36mcom.revature.controller.UserController  [0;39m [2m:[0;39m endpoint accessed
[2m2021-04-11 17:48:38.970[0;39m [ POST event=user/all endpoint, Event ID: 8556 ] [32m INFO[0;39m [35m11552[0;39m [2m---[0;39m [2m[nio-9999-exec-3][0;39m [36mcom.revature.controller.UserController  [0;39m [2m:[0;39m endpoint accessed
[2m2021-04-11 17:48:40.984[0;39m [ event=select ] [32m INFO[0;39m [35m11552[0;39m [2m---[0;39m [2m[nio-9999-exec-3][0;39m [36mcom.revature.service.UserService        [0;39m [2m:[0;39m Finding all users
[2m2021-04-11 17:49:01.952[0;39m [ POST event=account/new endpoint, Event ID: 3076 ] [32m INFO[0;39m [35m11552[0;39m [2m---[0;39m [2m[nio-9999-exec-6][0;39m [36mcom.revature.controller.UserController  [0;39m [2m:[0;39m endpoint accessed
[2m2021-04-11 17:49:03.965[0;39m [ event=create ] [32m INFO[0;39m [35m11552[0;39m [2m---[0;39m [2m[nio-9999-exec-6][0;39m [36mcom.revature.service.AccountService     [0;39m [2m:[0;39m Creating account
[2m2021-04-11 17:52:28.511[0;39m [  ] [32m INFO[0;39m [35m11552[0;39m [2m---[0;39m [2m[  restartedMain][0;39m [36mcom.revature.H2DemoApplication          [0;39m [2m:[0;39m No active profile set, falling back to default profiles: default
[2m2021-04-11 17:52:33.461[0;39m [  ] [32m INFO[0;39m [35m11552[0;39m [2m---[0;39m [2m[  restartedMain][0;39m [36mcom.revature.H2DemoApplication          [0;39m [2m:[0;39m Started H2DemoApplication in 10.134 seconds (JVM running for 269.86)
[2m2021-04-11 17:52:49.028[0;39m [  ] [32m INFO[0;39m [35m11552[0;39m [2m---[0;39m [2m[  restartedMain][0;39m [36mcom.revature.H2DemoApplication          [0;39m [2m:[0;39m No active profile set, falling back to default profiles: default
[2m2021-04-11 17:52:53.806[0;39m [  ] [32m INFO[0;39m [35m11552[0;39m [2m---[0;39m [2m[  restartedMain][0;39m [36mcom.revature.H2DemoApplication          [0;39m [2m:[0;39m Started H2DemoApplication in 9.966 seconds (JVM running for 290.205)
[2m2021-04-11 17:56:07.494[0;39m [  ] [32m INFO[0;39m [35m11552[0;39m [2m---[0;39m [2m[  restartedMain][0;39m [36mcom.revature.H2DemoApplication          [0;39m [2m:[0;39m No active profile set, falling back to default profiles: default
[2m2021-04-11 17:56:12.421[0;39m [  ] [32m INFO[0;39m [35m11552[0;39m [2m---[0;39m [2m[  restartedMain][0;39m [36mcom.revature.H2DemoApplication          [0;39m [2m:[0;39m Started H2DemoApplication in 10.127 seconds (JVM running for 488.82)
[2m2021-04-11 17:56:26.090[0;39m [  ] [32m INFO[0;39m [35m11552[0;39m [2m---[0;39m [2m[  restartedMain][0;39m [36mcom.revature.H2DemoApplication          [0;39m [2m:[0;39m No active profile set, falling back to default profiles: default
[2m2021-04-11 17:56:30.838[0;39m [  ] [32m INFO[0;39m [35m11552[0;39m [2m---[0;39m [2m[  restartedMain][0;39m [36mcom.revature.H2DemoApplication          [0;39m [2m:[0;39m Started H2DemoApplication in 9.969 seconds (JVM running for 507.237)
[2m2021-04-11 17:57:10.616[0;39m [  ] [32m INFO[0;39m [35m11552[0;39m [2m---[0;39m [2m[  restartedMain][0;39m [36mcom.revature.H2DemoApplication          [0;39m [2m:[0;39m No active profile set, falling back to default profiles: default
[2m2021-04-11 17:57:15.454[0;39m [  ] [32m INFO[0;39m [35m11552[0;39m [2m---[0;39m [2m[  restartedMain][0;39m [36mcom.revature.H2DemoApplication          [0;39m [2m:[0;39m Started H2DemoApplication in 10.02 seconds (JVM running for 551.854)
[2m2021-04-11 17:57:33.161[0;39m [  ] [32m INFO[0;39m [35m11552[0;39m [2m---[0;39m [2m[  restartedMain][0;39m [36mcom.revature.H2DemoApplication          [0;39m [2m:[0;39m No active profile set, falling back to default profiles: default
[2m2021-04-11 17:57:37.865[0;39m [  ] [32m INFO[0;39m [35m11552[0;39m [2m---[0;39m [2m[  restartedMain][0;39m [36mcom.revature.H2DemoApplication          [0;39m [2m:[0;39m Started H2DemoApplication in 9.905 seconds (JVM running for 574.264)
[2m2021-04-11 17:58:34.723[0;39m [  ] [32m INFO[0;39m [35m11552[0;39m [2m---[0;39m [2m[  restartedMain][0;39m [36mcom.revature.H2DemoApplication          [0;39m [2m:[0;39m No active profile set, falling back to default profiles: default
[2m2021-04-11 17:58:39.489[0;39m [  ] [32m INFO[0;39m [35m11552[0;39m [2m---[0;39m [2m[  restartedMain][0;39m [36mcom.revature.H2DemoApplication          [0;39m [2m:[0;39m Started H2DemoApplication in 9.957 seconds (JVM running for 635.888)
[2m2021-04-11 18:00:26.853[0;39m [  ] [32m INFO[0;39m [35m11552[0;39m [2m---[0;39m [2m[  restartedMain][0;39m [36mcom.revature.H2DemoApplication          [0;39m [2m:[0;39m No active profile set, falling back to default profiles: default
[2m2021-04-11 18:00:31.717[0;39m [  ] [32m INFO[0;39m [35m11552[0;39m [2m---[0;39m [2m[  restartedMain][0;39m [36mcom.revature.H2DemoApplication          [0;39m [2m:[0;39m Started H2DemoApplication in 10.046 seconds (JVM running for 748.117)
[2m2021-04-11 18:01:13.490[0;39m [ POST event=account/new endpoint, Event ID: 1273 ] [32m INFO[0;39m [35m11552[0;39m [2m---[0;39m [2m[nio-9999-exec-1][0;39m [36mcom.revature.controller.UserController  [0;39m [2m:[0;39m endpoint accessed
[2m2021-04-11 18:01:15.504[0;39m [ event=create ] [32m INFO[0;39m [35m11552[0;39m [2m---[0;39m [2m[nio-9999-exec-1][0;39m [36mcom.revature.service.AccountService     [0;39m [2m:[0;39m Creating account
[2m2021-04-11 18:01:47.733[0;39m [  ] [32m INFO[0;39m [35m11552[0;39m [2m---[0;39m [2m[  restartedMain][0;39m [36mcom.revature.H2DemoApplication          [0;39m [2m:[0;39m No active profile set, falling back to default profiles: default
[2m2021-04-11 18:01:52.612[0;39m [  ] [32m INFO[0;39m [35m11552[0;39m [2m---[0;39m [2m[  restartedMain][0;39m [36mcom.revature.H2DemoApplication          [0;39m [2m:[0;39m Started H2DemoApplication in 10.084 seconds (JVM running for 829.011)
[2m2021-04-11 18:03:22.769[0;39m [  ] [32m INFO[0;39m [35m11552[0;39m [2m---[0;39m [2m[  restartedMain][0;39m [36mcom.revature.H2DemoApplication          [0;39m [2m:[0;39m No active profile set, falling back to default profiles: default
[2m2021-04-11 18:03:27.648[0;39m [  ] [32m INFO[0;39m [35m11552[0;39m [2m---[0;39m [2m[  restartedMain][0;39m [36mcom.revature.H2DemoApplication          [0;39m [2m:[0;39m Started H2DemoApplication in 10.071 seconds (JVM running for 924.047)
[2m2021-04-11 18:06:22.341[0;39m [  ] [32m INFO[0;39m [35m11552[0;39m [2m---[0;39m [2m[  restartedMain][0;39m [36mcom.revature.H2DemoApplication          [0;39m [2m:[0;39m No active profile set, falling back to default profiles: default
[2m2021-04-11 18:06:27.219[0;39m [  ] [32m INFO[0;39m [35m11552[0;39m [2m---[0;39m [2m[  restartedMain][0;39m [36mcom.revature.H2DemoApplication          [0;39m [2m:[0;39m Started H2DemoApplication in 10.075 seconds (JVM running for 1103.618)
[2m2021-04-11 18:06:27.503[0;39m [ POST event=account/new endpoint, Event ID: 5856 ] [32m INFO[0;39m [35m11552[0;39m [2m---[0;39m [2m[nio-9999-exec-1][0;39m [36mcom.revature.controller.UserController  [0;39m [2m:[0;39m endpoint accessed
[2m2021-04-11 18:06:29.232[0;39m [ event=create ] [32m INFO[0;39m [35m11552[0;39m [2m---[0;39m [2m[nio-9999-exec-1][0;39m [36mcom.revature.service.AccountService     [0;39m [2m:[0;39m Creating account
[2m2021-04-11 18:07:03.239[0;39m [ PUT event=account/points endpoint, Event ID: 2068 ] [32m INFO[0;39m [35m11552[0;39m [2m---[0;39m [2m[nio-9999-exec-4][0;39m [36mcom.revature.controller.UserController  [0;39m [2m:[0;39m endpoint accessed
[2m2021-04-11 18:07:05.251[0;39m [ event=select, Account ID=0, PUT event=account/points endpoint, Event ID: 2068 ] [32m INFO[0;39m [35m11552[0;39m [2m---[0;39m [2m[nio-9999-exec-4][0;39m [36mcom.revature.service.AccountService     [0;39m [2m:[0;39m FInding account by id
[2m2021-04-11 18:07:20.991[0;39m [ PUT event=account/points/a endpoint, Event ID: 2352 ] [32m INFO[0;39m [35m11552[0;39m [2m---[0;39m [2m[nio-9999-exec-6][0;39m [36mcom.revature.controller.UserController  [0;39m [2m:[0;39m endpoint accessed
[2m2021-04-11 18:07:23.001[0;39m [ event=select, Account ID=0, PUT event=account/points/a endpoint, Event ID: 2352 ] [32m INFO[0;39m [35m11552[0;39m [2m---[0;39m [2m[nio-9999-exec-6][0;39m [36mcom.revature.service.AccountService     [0;39m [2m:[0;39m FInding account by id
[2m2021-04-11 18:07:35.246[0;39m [ POST event=account/new endpoint, Event ID: 1091 ] [32m INFO[0;39m [35m11552[0;39m [2m---[0;39m [2m[nio-9999-exec-8][0;39m [36mcom.revature.controller.UserController  [0;39m [2m:[0;39m endpoint accessed
[2m2021-04-11 18:07:37.258[0;39m [ event=create ] [32m INFO[0;39m [35m11552[0;39m [2m---[0;39m [2m[nio-9999-exec-8][0;39m [36mcom.revature.service.AccountService     [0;39m [2m:[0;39m Creating account
[2m2021-04-11 18:07:46.798[0;39m [ POST event=account/account endpoint, Event ID: 6976 ] [32m INFO[0;39m [35m11552[0;39m [2m---[0;39m [2m[io-9999-exec-10][0;39m [36mcom.revature.controller.UserController  [0;39m [2m:[0;39m endpoint accessed
[2m2021-04-11 18:07:48.810[0;39m [ event=select, Account ID=0, POST event=account/account endpoint, Event ID: 6976 ] [32m INFO[0;39m [35m11552[0;39m [2m---[0;39m [2m[io-9999-exec-10][0;39m [36mcom.revature.service.AccountService     [0;39m [2m:[0;39m FInding account by id
[2m2021-04-11 18:08:03.184[0;39m [ POST event=account/account endpoint, Event ID: 6688 ] [32m INFO[0;39m [35m11552[0;39m [2m---[0;39m [2m[nio-9999-exec-1][0;39m [36mcom.revature.controller.UserController  [0;39m [2m:[0;39m endpoint accessed
[2m2021-04-11 18:08:05.197[0;39m [ event=select, Account ID=1, POST event=account/account endpoint, Event ID: 6688 ] [32m INFO[0;39m [35m11552[0;39m [2m---[0;39m [2m[nio-9999-exec-1][0;39m [36mcom.revature.service.AccountService     [0;39m [2m:[0;39m FInding account by id
[2m2021-04-11 18:08:08.985[0;39m [ POST event=account/account endpoint, Event ID: 4959 ] [32m INFO[0;39m [35m11552[0;39m [2m---[0;39m [2m[nio-9999-exec-4][0;39m [36mcom.revature.controller.UserController  [0;39m [2m:[0;39m endpoint accessed
[2m2021-04-11 18:08:08.985[0;39m [ event=select, Account ID=2, POST event=account/account endpoint, Event ID: 4959 ] [32m INFO[0;39m [35m11552[0;39m [2m---[0;39m [2m[nio-9999-exec-4][0;39m [36mcom.revature.service.AccountService     [0;39m [2m:[0;39m FInding account by id
[2m2021-04-11 18:08:12.038[0;39m [ POST event=account/account endpoint, Event ID: 6329 ] [32m INFO[0;39m [35m11552[0;39m [2m---[0;39m [2m[nio-9999-exec-6][0;39m [36mcom.revature.controller.UserController  [0;39m [2m:[0;39m endpoint accessed
[2m2021-04-11 18:08:14.050[0;39m [ event=select, Account ID=3, POST event=account/account endpoint, Event ID: 6329 ] [32m INFO[0;39m [35m11552[0;39m [2m---[0;39m [2m[nio-9999-exec-6][0;39m [36mcom.revature.service.AccountService     [0;39m [2m:[0;39m FInding account by id
[2m2021-04-11 18:08:16.147[0;39m [ POST event=account/account endpoint, Event ID: 6568 ] [32m INFO[0;39m [35m11552[0;39m [2m---[0;39m [2m[nio-9999-exec-8][0;39m [36mcom.revature.controller.UserController  [0;39m [2m:[0;39m endpoint accessed
[2m2021-04-11 18:08:16.147[0;39m [ event=select, Account ID=4, POST event=account/account endpoint, Event ID: 6568 ] [32m INFO[0;39m [35m11552[0;39m [2m---[0;39m [2m[nio-9999-exec-8][0;39m [36mcom.revature.service.AccountService     [0;39m [2m:[0;39m FInding account by id
[2m2021-04-11 18:08:19.693[0;39m [ POST event=account/account endpoint, Event ID: 6125 ] [32m INFO[0;39m [35m11552[0;39m [2m---[0;39m [2m[io-9999-exec-10][0;39m [36mcom.revature.controller.UserController  [0;39m [2m:[0;39m endpoint accessed
[2m2021-04-11 18:08:19.693[0;39m [ event=select, Account ID=5, POST event=account/account endpoint, Event ID: 6125 ] [32m INFO[0;39m [35m11552[0;39m [2m---[0;39m [2m[io-9999-exec-10][0;39m [36mcom.revature.service.AccountService     [0;39m [2m:[0;39m FInding account by id
[2m2021-04-11 18:08:22.312[0;39m [ POST event=account/account endpoint, Event ID: 8988 ] [32m INFO[0;39m [35m11552[0;39m [2m---[0;39m [2m[nio-9999-exec-1][0;39m [36mcom.revature.controller.UserController  [0;39m [2m:[0;39m endpoint accessed
[2m2021-04-11 18:08:22.312[0;39m [ event=select, Account ID=5, POST event=account/account endpoint, Event ID: 8988 ] [32m INFO[0;39m [35m11552[0;39m [2m---[0;39m [2m[nio-9999-exec-1][0;39m [36mcom.revature.service.AccountService     [0;39m [2m:[0;39m FInding account by id
[2m2021-04-11 18:10:10.261[0;39m [  ] [32m INFO[0;39m [35m156[0;39m [2m---[0;39m [2m[  restartedMain][0;39m [36mcom.revature.H2DemoApplication          [0;39m [2m:[0;39m No active profile set, falling back to default profiles: default
[2m2021-04-11 18:10:18.887[0;39m [  ] [32m INFO[0;39m [35m156[0;39m [2m---[0;39m [2m[  restartedMain][0;39m [36mcom.revature.H2DemoApplication          [0;39m [2m:[0;39m Started H2DemoApplication in 14.657 seconds (JVM running for 15.291)
[2m2021-04-11 18:11:12.237[0;39m [ POST event=account/new endpoint, Event ID: 2025 ] [32m INFO[0;39m [35m156[0;39m [2m---[0;39m [2m[nio-9999-exec-2][0;39m [36mcom.revature.controller.UserController  [0;39m [2m:[0;39m endpoint accessed
[2m2021-04-11 18:11:14.254[0;39m [ event=create ] [32m INFO[0;39m [35m156[0;39m [2m---[0;39m [2m[nio-9999-exec-2][0;39m [36mcom.revature.service.AccountService     [0;39m [2m:[0;39m Creating account
[2m2021-04-11 18:13:21.570[0;39m [ GET event=acctype/all endpoint, Event ID: 2211 ] [32m INFO[0;39m [35m156[0;39m [2m---[0;39m [2m[nio-9999-exec-4][0;39m [36mcom.revature.controller.UserController  [0;39m [2m:[0;39m endpoint accessed
[2m2021-04-11 18:13:23.581[0;39m [ event=select ] [32m INFO[0;39m [35m156[0;39m [2m---[0;39m [2m[nio-9999-exec-4][0;39m [36mcom.revature.service.AccountTypeService [0;39m [2m:[0;39m Finding all AcccountTypes
[2m2021-04-11 18:13:40.376[0;39m [ POST event=account/new endpoint, Event ID: 2620 ] [32m INFO[0;39m [35m156[0;39m [2m---[0;39m [2m[nio-9999-exec-5][0;39m [36mcom.revature.controller.UserController  [0;39m [2m:[0;39m endpoint accessed
[2m2021-04-11 18:13:42.388[0;39m [ event=create ] [32m INFO[0;39m [35m156[0;39m [2m---[0;39m [2m[nio-9999-exec-5][0;39m [36mcom.revature.service.AccountService     [0;39m [2m:[0;39m Creating account
[2m2021-04-11 18:14:42.462[0;39m [ POST event=account/new endpoint, Event ID: 2853 ] [32m INFO[0;39m [35m156[0;39m [2m---[0;39m [2m[nio-9999-exec-7][0;39m [36mcom.revature.controller.UserController  [0;39m [2m:[0;39m endpoint accessed
[2m2021-04-11 18:14:44.474[0;39m [ event=create ] [32m INFO[0;39m [35m156[0;39m [2m---[0;39m [2m[nio-9999-exec-7][0;39m [36mcom.revature.service.AccountService     [0;39m [2m:[0;39m Creating account
[2m2021-04-11 18:16:11.912[0;39m [ POST event=acctype/type endpoint, Event ID: 7433 ] [32m INFO[0;39m [35m156[0;39m [2m---[0;39m [2m[io-9999-exec-10][0;39m [36mcom.revature.controller.UserController  [0;39m [2m:[0;39m endpoint accessed
[2m2021-04-11 18:16:13.923[0;39m [ event=create ] [32m INFO[0;39m [35m156[0;39m [2m---[0;39m [2m[io-9999-exec-10][0;39m [36mcom.revature.service.AccountTypeService [0;39m [2m:[0;39m Creating AccountType
[2m2021-04-11 18:18:24.653[0;39m [ POST event=account/new endpoint, Event ID: 6571 ] [32m INFO[0;39m [35m156[0;39m [2m---[0;39m [2m[nio-9999-exec-1][0;39m [36mcom.revature.controller.UserController  [0;39m [2m:[0;39m endpoint accessed
[2m2021-04-11 18:18:26.665[0;39m [ event=create ] [32m INFO[0;39m [35m156[0;39m [2m---[0;39m [2m[nio-9999-exec-1][0;39m [36mcom.revature.service.AccountService     [0;39m [2m:[0;39m Creating account
[2m2021-04-11 18:18:52.724[0;39m [ POST event=account/new endpoint, Event ID: 2508 ] [32m INFO[0;39m [35m156[0;39m [2m---[0;39m [2m[nio-9999-exec-5][0;39m [36mcom.revature.controller.UserController  [0;39m [2m:[0;39m endpoint accessed
[2m2021-04-11 18:18:54.737[0;39m [ event=create ] [32m INFO[0;39m [35m156[0;39m [2m---[0;39m [2m[nio-9999-exec-5][0;39m [36mcom.revature.service.AccountService     [0;39m [2m:[0;39m Creating account
[2m2021-04-11 18:19:43.382[0;39m [ POST event=account/new endpoint, Event ID: 1793 ] [32m INFO[0;39m [35m156[0;39m [2m---[0;39m [2m[nio-9999-exec-7][0;39m [36mcom.revature.controller.UserController  [0;39m [2m:[0;39m endpoint accessed
[2m2021-04-11 18:19:45.396[0;39m [ event=create ] [32m INFO[0;39m [35m156[0;39m [2m---[0;39m [2m[nio-9999-exec-7][0;39m [36mcom.revature.service.AccountService     [0;39m [2m:[0;39m Creating account
[2m2021-04-11 18:21:17.624[0;39m [ POST event=account/new endpoint, Event ID: 6270 ] [32m INFO[0;39m [35m156[0;39m [2m---[0;39m [2m[nio-9999-exec-3][0;39m [36mcom.revature.controller.UserController  [0;39m [2m:[0;39m endpoint accessed
[2m2021-04-11 18:21:19.636[0;39m [ event=create ] [32m INFO[0;39m [35m156[0;39m [2m---[0;39m [2m[nio-9999-exec-3][0;39m [36mcom.revature.service.AccountService     [0;39m [2m:[0;39m Creating account
[2m2021-04-11 18:23:24.092[0;39m [ POST event=account/new endpoint, Event ID: 6896 ] [32m INFO[0;39m [35m156[0;39m [2m---[0;39m [2m[nio-9999-exec-1][0;39m [36mcom.revature.controller.UserController  [0;39m [2m:[0;39m endpoint accessed
[2m2021-04-11 18:23:26.104[0;39m [ event=create ] [32m INFO[0;39m [35m156[0;39m [2m---[0;39m [2m[nio-9999-exec-1][0;39m [36mcom.revature.service.AccountService     [0;39m [2m:[0;39m Creating account
[2m2021-04-11 18:23:38.358[0;39m [ POST event=account/new endpoint, Event ID: 1600 ] [32m INFO[0;39m [35m156[0;39m [2m---[0;39m [2m[nio-9999-exec-5][0;39m [36mcom.revature.controller.UserController  [0;39m [2m:[0;39m endpoint accessed
[2m2021-04-11 18:23:38.358[0;39m [ event=create ] [32m INFO[0;39m [35m156[0;39m [2m---[0;39m [2m[nio-9999-exec-5][0;39m [36mcom.revature.service.AccountService     [0;39m [2m:[0;39m Creating account
[2m2021-04-11 18:26:18.234[0;39m [ POST event=account/new endpoint, Event ID: 6845 ] [32m INFO[0;39m [35m156[0;39m [2m---[0;39m [2m[nio-9999-exec-7][0;39m [36mcom.revature.controller.UserController  [0;39m [2m:[0;39m endpoint accessed
[2m2021-04-11 18:26:20.245[0;39m [ event=create ] [32m INFO[0;39m [35m156[0;39m [2m---[0;39m [2m[nio-9999-exec-7][0;39m [36mcom.revature.service.AccountService     [0;39m [2m:[0;39m Creating account
[2m2021-04-11 18:27:49.105[0;39m [  ] [32m INFO[0;39m [35m156[0;39m [2m---[0;39m [2m[  restartedMain][0;39m [36mcom.revature.H2DemoApplication          [0;39m [2m:[0;39m No active profile set, falling back to default profiles: default
[2m2021-04-11 18:27:54.079[0;39m [  ] [32m INFO[0;39m [35m156[0;39m [2m---[0;39m [2m[  restartedMain][0;39m [36mcom.revature.H2DemoApplication          [0;39m [2m:[0;39m Started H2DemoApplication in 10.203 seconds (JVM running for 1070.483)
[2m2021-04-11 18:28:05.075[0;39m [ POST event=account/new endpoint, Event ID: 7596 ] [32m INFO[0;39m [35m156[0;39m [2m---[0;39m [2m[nio-9999-exec-2][0;39m [36mcom.revature.controller.UserController  [0;39m [2m:[0;39m endpoint accessed
[2m2021-04-11 18:28:07.089[0;39m [ event=create ] [32m INFO[0;39m [35m156[0;39m [2m---[0;39m [2m[nio-9999-exec-2][0;39m [36mcom.revature.service.AccountService     [0;39m [2m:[0;39m Creating account
[2m2021-04-11 18:28:26.455[0;39m [ POST event=account/new endpoint, Event ID: 592 ] [32m INFO[0;39m [35m156[0;39m [2m---[0;39m [2m[nio-9999-exec-4][0;39m [36mcom.revature.controller.UserController  [0;39m [2m:[0;39m endpoint accessed
[2m2021-04-11 18:28:28.469[0;39m [ event=create ] [32m INFO[0;39m [35m156[0;39m [2m---[0;39m [2m[nio-9999-exec-4][0;39m [36mcom.revature.service.AccountService     [0;39m [2m:[0;39m Creating account
[2m2021-04-11 18:29:25.169[0;39m [  ] [32m INFO[0;39m [35m156[0;39m [2m---[0;39m [2m[  restartedMain][0;39m [36mcom.revature.H2DemoApplication          [0;39m [2m:[0;39m No active profile set, falling back to default profiles: default
[2m2021-04-11 18:29:35.518[0;39m [  ] [32m INFO[0;39m [35m6860[0;39m [2m---[0;39m [2m[  restartedMain][0;39m [36mcom.revature.H2DemoApplication          [0;39m [2m:[0;39m No active profile set, falling back to default profiles: default
[2m2021-04-11 18:29:44.001[0;39m [  ] [32m INFO[0;39m [35m6860[0;39m [2m---[0;39m [2m[  restartedMain][0;39m [36mcom.revature.H2DemoApplication          [0;39m [2m:[0;39m Started H2DemoApplication in 14.511 seconds (JVM running for 15.149)
[2m2021-04-11 18:29:48.543[0;39m [ POST event=account/new endpoint, Event ID: 4476 ] [32m INFO[0;39m [35m6860[0;39m [2m---[0;39m [2m[nio-9999-exec-1][0;39m [36mcom.revature.controller.UserController  [0;39m [2m:[0;39m endpoint accessed
[2m2021-04-11 18:29:50.557[0;39m [ event=create ] [32m INFO[0;39m [35m6860[0;39m [2m---[0;39m [2m[nio-9999-exec-1][0;39m [36mcom.revature.service.AccountService     [0;39m [2m:[0;39m Creating account
[2m2021-04-11 18:31:47.957[0;39m [  ] [32m INFO[0;39m [35m13512[0;39m [2m---[0;39m [2m[  restartedMain][0;39m [36mcom.revature.H2DemoApplication          [0;39m [2m:[0;39m No active profile set, falling back to default profiles: default
[2m2021-04-11 18:31:56.380[0;39m [  ] [32m INFO[0;39m [35m13512[0;39m [2m---[0;39m [2m[  restartedMain][0;39m [36mcom.revature.H2DemoApplication          [0;39m [2m:[0;39m Started H2DemoApplication in 14.428 seconds (JVM running for 15.065)
[2m2021-04-11 18:32:01.926[0;39m [ POST event=user/all endpoint, Event ID: 1664 ] [32m INFO[0;39m [35m13512[0;39m [2m---[0;39m [2m[nio-9999-exec-1][0;39m [36mcom.revature.controller.UserController  [0;39m [2m:[0;39m endpoint accessed
[2m2021-04-11 18:32:03.940[0;39m [ event=select ] [32m INFO[0;39m [35m13512[0;39m [2m---[0;39m [2m[nio-9999-exec-1][0;39m [36mcom.revature.service.UserService        [0;39m [2m:[0;39m Finding all users
[2m2021-04-11 18:38:33.500[0;39m [  ] [32m INFO[0;39m [35m2400[0;39m [2m---[0;39m [2m[  restartedMain][0;39m [36mcom.revature.H2DemoApplication          [0;39m [2m:[0;39m No active profile set, falling back to default profiles: default
[2m2021-04-11 18:38:41.954[0;39m [  ] [32m INFO[0;39m [35m2400[0;39m [2m---[0;39m [2m[  restartedMain][0;39m [36mcom.revature.H2DemoApplication          [0;39m [2m:[0;39m Started H2DemoApplication in 14.482 seconds (JVM running for 15.122)
[2m2021-04-11 18:38:57.190[0;39m [ POST event=account/new endpoint, Event ID: 2850 ] [32m INFO[0;39m [35m2400[0;39m [2m---[0;39m [2m[nio-9999-exec-1][0;39m [36mcom.revature.controller.UserController  [0;39m [2m:[0;39m endpoint accessed
[2m2021-04-11 18:38:59.204[0;39m [ event=create ] [32m INFO[0;39m [35m2400[0;39m [2m---[0;39m [2m[nio-9999-exec-1][0;39m [36mcom.revature.service.AccountService     [0;39m [2m:[0;39m Creating account
